mode: set
policy-opa-pdp/cfg/config.go:56.13,77.2 16 1
policy-opa-pdp/cfg/config.go:80.51,81.48 1 1
policy-opa-pdp/cfg/config.go:81.48,83.3 1 1
policy-opa-pdp/cfg/config.go:84.2,85.19 2 1
policy-opa-pdp/cfg/config.go:89.51,91.54 2 1
policy-opa-pdp/cfg/config.go:91.54,93.3 1 1
policy-opa-pdp/cfg/config.go:93.8,93.27 1 1
policy-opa-pdp/cfg/config.go:93.27,95.3 1 0
policy-opa-pdp/cfg/config.go:97.2,97.19 1 1
policy-opa-pdp/cfg/config.go:101.59,103.62 2 1
policy-opa-pdp/cfg/config.go:103.62,105.3 1 1
policy-opa-pdp/cfg/config.go:105.8,108.3 2 0
policy-opa-pdp/cfg/config.go:111.65,114.31 2 1
policy-opa-pdp/cfg/config.go:114.31,116.3 1 1
policy-opa-pdp/cfg/config.go:118.2,127.28 6 1
policy-opa-pdp/cfg/config.go:127.28,129.3 1 1
policy-opa-pdp/cfg/config.go:130.2,134.28 3 1
policy-opa-pdp/cfg/config.go:134.28,136.3 1 1
policy-opa-pdp/cfg/config.go:137.2,139.27 2 1
policy-opa-pdp/api/register-handlers.go:37.25,65.2 14 1
policy-opa-pdp/api/register-handlers.go:68.56,69.58 1 1
policy-opa-pdp/api/register-handlers.go:69.58,71.46 2 1
policy-opa-pdp/api/register-handlers.go:71.46,75.4 3 1
policy-opa-pdp/api/register-handlers.go:76.3,76.17 1 1
policy-opa-pdp/api/register-handlers.go:81.58,85.2 3 1
policy-opa-pdp/api/register-handlers.go:88.65,91.16 3 1
policy-opa-pdp/api/register-handlers.go:91.16,93.3 1 0
policy-opa-pdp/pkg/model/oapicodegen/models.go:162.86,166.2 3 0
policy-opa-pdp/pkg/model/oapicodegen/models.go:169.87,173.2 3 0
policy-opa-pdp/pkg/model/oapicodegen/models.go:176.88,178.16 2 0
policy-opa-pdp/pkg/model/oapicodegen/models.go:178.16,180.3 1 0
policy-opa-pdp/pkg/model/oapicodegen/models.go:182.2,184.12 3 0
policy-opa-pdp/pkg/model/oapicodegen/models.go:188.86,192.2 3 0
policy-opa-pdp/pkg/model/oapicodegen/models.go:195.87,199.2 3 0
policy-opa-pdp/pkg/model/oapicodegen/models.go:202.88,204.16 2 0
policy-opa-pdp/pkg/model/oapicodegen/models.go:204.16,206.3 1 0
policy-opa-pdp/pkg/model/oapicodegen/models.go:208.2,210.12 3 0
policy-opa-pdp/pkg/model/oapicodegen/models.go:213.61,216.2 2 0
policy-opa-pdp/pkg/model/oapicodegen/models.go:218.62,221.2 2 0
policy-opa-pdp/pkg/healthcheck/healthcheck.go:38.65,44.53 4 1
policy-opa-pdp/pkg/healthcheck/healthcheck.go:44.53,46.17 2 1
policy-opa-pdp/pkg/healthcheck/healthcheck.go:46.17,48.4 1 0
policy-opa-pdp/pkg/healthcheck/healthcheck.go:48.9,54.4 3 1
policy-opa-pdp/pkg/healthcheck/healthcheck.go:55.8,59.3 3 1
policy-opa-pdp/pkg/healthcheck/healthcheck.go:60.2,74.60 8 1
policy-opa-pdp/pkg/healthcheck/healthcheck.go:74.60,76.3 1 1
policy-opa-pdp/pkg/model/oapicodegen/models.go:162.86,166.2 3 0
policy-opa-pdp/pkg/model/oapicodegen/models.go:169.87,173.2 3 0
policy-opa-pdp/pkg/model/oapicodegen/models.go:176.88,178.16 2 0
policy-opa-pdp/pkg/model/oapicodegen/models.go:178.16,180.3 1 0
policy-opa-pdp/pkg/model/oapicodegen/models.go:182.2,184.12 3 0
policy-opa-pdp/pkg/model/oapicodegen/models.go:188.86,192.2 3 0
policy-opa-pdp/pkg/model/oapicodegen/models.go:195.87,199.2 3 0
policy-opa-pdp/pkg/model/oapicodegen/models.go:202.88,204.16 2 0
policy-opa-pdp/pkg/model/oapicodegen/models.go:204.16,206.3 1 0
policy-opa-pdp/pkg/model/oapicodegen/models.go:208.2,210.12 3 0
policy-opa-pdp/pkg/model/oapicodegen/models.go:213.61,216.2 2 0
policy-opa-pdp/pkg/model/oapicodegen/models.go:218.62,221.2 2 0
policy-opa-pdp/pkg/bundleserver/bundle-server.go:34.60,39.16 3 1
policy-opa-pdp/pkg/bundleserver/bundle-server.go:39.16,43.3 3 1
policy-opa-pdp/pkg/bundleserver/bundle-server.go:44.2,50.74 6 1
policy-opa-pdp/pkg/bundleserver/bundle-server.go:54.77,59.16 4 1
policy-opa-pdp/pkg/bundleserver/bundle-server.go:59.16,63.3 3 1
policy-opa-pdp/pkg/bundleserver/bundle-server.go:64.2,65.28 2 1
policy-opa-pdp/pkg/decision/decision-provider.go:52.89,53.60 1 1
policy-opa-pdp/pkg/decision/decision-provider.go:53.60,55.3 1 1
policy-opa-pdp/pkg/decision/decision-provider.go:56.2,56.34 1 1
policy-opa-pdp/pkg/decision/decision-provider.go:60.109,63.65 3 1
policy-opa-pdp/pkg/decision/decision-provider.go:63.65,65.3 1 1
policy-opa-pdp/pkg/decision/decision-provider.go:69.130,72.65 3 1
policy-opa-pdp/pkg/decision/decision-provider.go:72.65,74.3 1 0
policy-opa-pdp/pkg/decision/decision-provider.go:78.119,83.2 1 1
policy-opa-pdp/pkg/decision/decision-provider.go:86.151,92.2 1 1
policy-opa-pdp/pkg/decision/decision-provider.go:95.121,103.2 2 1
policy-opa-pdp/pkg/decision/decision-provider.go:106.62,115.23 7 1
policy-opa-pdp/pkg/decision/decision-provider.go:115.23,118.3 2 1
policy-opa-pdp/pkg/decision/decision-provider.go:118.8,118.42 1 1
policy-opa-pdp/pkg/decision/decision-provider.go:118.42,121.3 2 1
policy-opa-pdp/pkg/decision/decision-provider.go:121.8,123.3 1 1
policy-opa-pdp/pkg/decision/decision-provider.go:124.2,124.21 1 1
policy-opa-pdp/pkg/decision/decision-provider.go:124.21,126.3 1 1
policy-opa-pdp/pkg/decision/decision-provider.go:130.126,132.16 2 1
policy-opa-pdp/pkg/decision/decision-provider.go:132.16,136.3 3 1
policy-opa-pdp/pkg/decision/decision-provider.go:138.2,138.34 1 1
policy-opa-pdp/pkg/decision/decision-provider.go:138.34,142.3 3 1
policy-opa-pdp/pkg/decision/decision-provider.go:144.2,144.75 1 1
policy-opa-pdp/pkg/decision/decision-provider.go:144.75,148.3 3 1
policy-opa-pdp/pkg/decision/decision-provider.go:149.2,150.75 2 1
policy-opa-pdp/pkg/decision/decision-provider.go:154.153,156.23 2 1
policy-opa-pdp/pkg/decision/decision-provider.go:156.23,160.3 3 1
policy-opa-pdp/pkg/decision/decision-provider.go:162.2,163.30 2 1
policy-opa-pdp/pkg/decision/decision-provider.go:163.30,168.3 4 0
policy-opa-pdp/pkg/decision/decision-provider.go:170.2,170.62 1 1
policy-opa-pdp/pkg/decision/decision-provider.go:170.62,174.3 3 1
policy-opa-pdp/pkg/decision/decision-provider.go:177.2,178.16 2 1
policy-opa-pdp/pkg/decision/decision-provider.go:178.16,183.3 4 1
policy-opa-pdp/pkg/decision/decision-provider.go:185.2,185.43 1 1
policy-opa-pdp/pkg/decision/decision-provider.go:189.93,190.43 1 1
policy-opa-pdp/pkg/decision/decision-provider.go:190.43,191.62 1 1
policy-opa-pdp/pkg/decision/decision-provider.go:191.62,193.4 1 1
policy-opa-pdp/pkg/decision/decision-provider.go:195.2,195.14 1 1
policy-opa-pdp/pkg/decision/decision-provider.go:199.110,204.53 4 1
policy-opa-pdp/pkg/decision/decision-provider.go:204.53,206.17 2 1
policy-opa-pdp/pkg/decision/decision-provider.go:206.17,212.4 3 1
policy-opa-pdp/pkg/decision/decision-provider.go:212.9,214.4 1 0
policy-opa-pdp/pkg/decision/decision-provider.go:215.8,218.3 2 1
policy-opa-pdp/pkg/decision/decision-provider.go:220.2,224.34 4 1
policy-opa-pdp/pkg/decision/decision-provider.go:228.28,230.2 1 1
policy-opa-pdp/pkg/decision/decision-provider.go:233.83,235.71 2 1
policy-opa-pdp/pkg/decision/decision-provider.go:235.71,237.3 1 1
policy-opa-pdp/pkg/decision/decision-provider.go:238.2,238.26 1 1
policy-opa-pdp/pkg/decision/decision-provider.go:242.104,248.2 5 1
policy-opa-pdp/pkg/decision/decision-provider.go:255.41,257.2 1 1
policy-opa-pdp/pkg/decision/decision-provider.go:265.109,270.32 4 1
policy-opa-pdp/pkg/decision/decision-provider.go:270.32,273.3 2 1
policy-opa-pdp/pkg/decision/decision-provider.go:273.8,277.17 4 1
policy-opa-pdp/pkg/decision/decision-provider.go:277.17,280.4 2 0
policy-opa-pdp/pkg/decision/decision-provider.go:281.3,283.25 2 1
policy-opa-pdp/pkg/decision/decision-provider.go:283.25,286.4 2 1
policy-opa-pdp/pkg/decision/decision-provider.go:288.3,289.38 2 1
policy-opa-pdp/pkg/decision/decision-provider.go:289.38,291.4 1 1
policy-opa-pdp/pkg/decision/decision-provider.go:292.3,295.32 3 1
policy-opa-pdp/pkg/decision/decision-provider.go:295.32,298.4 2 1
policy-opa-pdp/pkg/decision/decision-provider.go:298.9,300.4 1 0
policy-opa-pdp/pkg/decision/decision-provider.go:302.2,303.56 2 1
policy-opa-pdp/pkg/decision/decision-provider.go:307.84,312.74 1 1
policy-opa-pdp/pkg/decision/decision-provider.go:312.74,316.3 3 1
policy-opa-pdp/pkg/decision/decision-provider.go:316.8,318.3 1 0
policy-opa-pdp/pkg/decision/decision-provider.go:322.115,323.27 1 1
policy-opa-pdp/pkg/decision/decision-provider.go:323.27,325.30 2 1
policy-opa-pdp/pkg/decision/decision-provider.go:325.30,327.4 1 0
policy-opa-pdp/pkg/decision/decision-provider.go:329.2,329.26 1 1
policy-opa-pdp/pkg/decision/decision-provider.go:333.108,336.33 3 1
policy-opa-pdp/pkg/decision/decision-provider.go:336.33,338.3 1 1
policy-opa-pdp/pkg/decision/decision-provider.go:339.2,339.33 1 1
policy-opa-pdp/pkg/decision/decision-provider.go:339.33,340.34 1 1
policy-opa-pdp/pkg/decision/decision-provider.go:340.34,341.58 1 1
policy-opa-pdp/pkg/decision/decision-provider.go:341.58,344.11 2 1
policy-opa-pdp/pkg/decision/decision-provider.go:348.2,349.39 2 1
policy-opa-pdp/pkg/decision/decision-provider.go:349.39,351.3 1 1
policy-opa-pdp/pkg/decision/decision-provider.go:353.2,353.38 1 1
policy-opa-pdp/pkg/model/oapicodegen/models.go:162.86,166.2 3 0
policy-opa-pdp/pkg/model/oapicodegen/models.go:169.87,173.2 3 0
policy-opa-pdp/pkg/model/oapicodegen/models.go:176.88,178.16 2 0
policy-opa-pdp/pkg/model/oapicodegen/models.go:178.16,180.3 1 0
policy-opa-pdp/pkg/model/oapicodegen/models.go:182.2,184.12 3 0
policy-opa-pdp/pkg/model/oapicodegen/models.go:188.86,192.2 3 0
policy-opa-pdp/pkg/model/oapicodegen/models.go:195.87,199.2 3 0
policy-opa-pdp/pkg/model/oapicodegen/models.go:202.88,204.16 2 0
policy-opa-pdp/pkg/model/oapicodegen/models.go:204.16,206.3 1 0
policy-opa-pdp/pkg/model/oapicodegen/models.go:208.2,210.12 3 0
policy-opa-pdp/pkg/model/oapicodegen/models.go:213.61,216.2 2 0
policy-opa-pdp/pkg/model/oapicodegen/models.go:218.62,221.2 2 0
policy-opa-pdp/pkg/kafkacomm/pdp_topic_consumer.go:51.39,52.24 1 1
policy-opa-pdp/pkg/kafkacomm/pdp_topic_consumer.go:52.24,53.44 1 1
policy-opa-pdp/pkg/kafkacomm/pdp_topic_consumer.go:53.44,55.4 1 1
policy-opa-pdp/pkg/kafkacomm/pdp_topic_consumer.go:57.2,57.12 1 1
policy-opa-pdp/pkg/kafkacomm/pdp_topic_consumer.go:61.46,62.24 1 1
policy-opa-pdp/pkg/kafkacomm/pdp_topic_consumer.go:62.24,64.3 1 1
policy-opa-pdp/pkg/kafkacomm/pdp_topic_consumer.go:65.2,66.16 2 1
policy-opa-pdp/pkg/kafkacomm/pdp_topic_consumer.go:66.16,69.3 2 1
policy-opa-pdp/pkg/kafkacomm/pdp_topic_consumer.go:70.2,71.12 2 1
policy-opa-pdp/pkg/kafkacomm/pdp_topic_consumer.go:79.49,81.25 1 1
policy-opa-pdp/pkg/kafkacomm/pdp_topic_consumer.go:81.25,98.24 10 1
policy-opa-pdp/pkg/kafkacomm/pdp_topic_consumer.go:98.24,111.4 11 1
policy-opa-pdp/pkg/kafkacomm/pdp_topic_consumer.go:114.3,115.17 2 1
policy-opa-pdp/pkg/kafkacomm/pdp_topic_consumer.go:115.17,118.4 2 1
policy-opa-pdp/pkg/kafkacomm/pdp_topic_consumer.go:119.3,119.22 1 1
policy-opa-pdp/pkg/kafkacomm/pdp_topic_consumer.go:119.22,122.4 2 1
policy-opa-pdp/pkg/kafkacomm/pdp_topic_consumer.go:125.3,126.17 2 1
policy-opa-pdp/pkg/kafkacomm/pdp_topic_consumer.go:126.17,129.4 2 0
policy-opa-pdp/pkg/kafkacomm/pdp_topic_consumer.go:130.3,134.52 3 1
policy-opa-pdp/pkg/kafkacomm/pdp_topic_consumer.go:138.2,138.29 1 1
policy-opa-pdp/pkg/kafkacomm/pdp_topic_consumer.go:138.29,140.3 1 1
policy-opa-pdp/pkg/kafkacomm/pdp_topic_consumer.go:141.2,141.30 1 1
policy-opa-pdp/pkg/kafkacomm/pdp_topic_consumer.go:145.59,147.16 2 1
policy-opa-pdp/pkg/kafkacomm/pdp_topic_consumer.go:147.16,149.3 1 1
policy-opa-pdp/pkg/kafkacomm/pdp_topic_consumer.go:150.2,150.23 1 1
policy-opa-pdp/pkg/kafkacomm/pdp_topic_producer.go:54.79,56.17 2 1
policy-opa-pdp/pkg/kafkacomm/pdp_topic_producer.go:56.17,67.24 6 1
policy-opa-pdp/pkg/kafkacomm/pdp_topic_producer.go:67.24,72.4 4 1
policy-opa-pdp/pkg/kafkacomm/pdp_topic_producer.go:74.3,75.17 2 1
policy-opa-pdp/pkg/kafkacomm/pdp_topic_producer.go:75.17,77.4 1 0
policy-opa-pdp/pkg/kafkacomm/pdp_topic_producer.go:78.3,81.4 1 1
policy-opa-pdp/pkg/kafkacomm/pdp_topic_producer.go:84.2,84.22 1 1
policy-opa-pdp/pkg/kafkacomm/pdp_topic_producer.go:89.97,90.46 1 1
policy-opa-pdp/pkg/kafkacomm/pdp_topic_producer.go:90.46,95.3 1 0
policy-opa-pdp/pkg/kafkacomm/pdp_topic_producer.go:96.2,98.16 3 1
policy-opa-pdp/pkg/kafkacomm/pdp_topic_producer.go:98.16,100.3 1 1
policy-opa-pdp/pkg/kafkacomm/pdp_topic_producer.go:101.2,101.12 1 1
policy-opa-pdp/pkg/kafkacomm/pdp_topic_producer.go:105.34,107.37 1 1
policy-opa-pdp/pkg/kafkacomm/pdp_topic_producer.go:107.37,110.3 2 1
policy-opa-pdp/pkg/kafkacomm/pdp_topic_producer.go:111.2,113.51 3 1
policy-opa-pdp/pkg/kafkacomm/pdp_topic_producer.go:116.49,118.2 1 0
policy-opa-pdp/pkg/kafkacomm/mocks/kafkaconsumerinterface.go:19.49,22.19 2 1
policy-opa-pdp/pkg/kafkacomm/mocks/kafkaconsumerinterface.go:22.19,23.47 1 0
policy-opa-pdp/pkg/kafkacomm/mocks/kafkaconsumerinterface.go:26.2,27.45 2 1
policy-opa-pdp/pkg/kafkacomm/mocks/kafkaconsumerinterface.go:27.45,29.3 1 0
policy-opa-pdp/pkg/kafkacomm/mocks/kafkaconsumerinterface.go:29.8,31.3 1 1
policy-opa-pdp/pkg/kafkacomm/mocks/kafkaconsumerinterface.go:33.2,33.11 1 1
policy-opa-pdp/pkg/kafkacomm/mocks/kafkaconsumerinterface.go:37.94,40.19 2 1
policy-opa-pdp/pkg/kafkacomm/mocks/kafkaconsumerinterface.go:40.19,41.53 1 0
policy-opa-pdp/pkg/kafkacomm/mocks/kafkaconsumerinterface.go:44.2,46.76 3 1
policy-opa-pdp/pkg/kafkacomm/mocks/kafkaconsumerinterface.go:46.76,48.3 1 0
policy-opa-pdp/pkg/kafkacomm/mocks/kafkaconsumerinterface.go:49.2,49.67 1 1
policy-opa-pdp/pkg/kafkacomm/mocks/kafkaconsumerinterface.go:49.67,51.3 1 0
policy-opa-pdp/pkg/kafkacomm/mocks/kafkaconsumerinterface.go:51.8,52.24 1 1
policy-opa-pdp/pkg/kafkacomm/mocks/kafkaconsumerinterface.go:52.24,54.4 1 1
policy-opa-pdp/pkg/kafkacomm/mocks/kafkaconsumerinterface.go:57.2,57.58 1 1
policy-opa-pdp/pkg/kafkacomm/mocks/kafkaconsumerinterface.go:57.58,59.3 1 0
policy-opa-pdp/pkg/kafkacomm/mocks/kafkaconsumerinterface.go:59.8,61.3 1 1
policy-opa-pdp/pkg/kafkacomm/mocks/kafkaconsumerinterface.go:63.2,63.15 1 1
policy-opa-pdp/pkg/kafkacomm/mocks/kafkaconsumerinterface.go:67.55,70.19 2 1
policy-opa-pdp/pkg/kafkacomm/mocks/kafkaconsumerinterface.go:70.19,71.53 1 0
policy-opa-pdp/pkg/kafkacomm/mocks/kafkaconsumerinterface.go:74.2,75.45 2 1
policy-opa-pdp/pkg/kafkacomm/mocks/kafkaconsumerinterface.go:75.45,77.3 1 0
policy-opa-pdp/pkg/kafkacomm/mocks/kafkaconsumerinterface.go:77.8,79.3 1 1
policy-opa-pdp/pkg/kafkacomm/mocks/kafkaconsumerinterface.go:81.2,81.11 1 1
policy-opa-pdp/pkg/kafkacomm/mocks/kafkaconsumerinterface.go:89.28,93.19 3 0
policy-opa-pdp/pkg/kafkacomm/mocks/kafkaconsumerinterface.go:93.19,93.49 1 0
policy-opa-pdp/pkg/kafkacomm/mocks/kafkaconsumerinterface.go:95.2,95.13 1 0
policy-opa-pdp/pkg/kafkacomm/mocks/kafkaproducerinterface.go:17.43,19.2 1 1
policy-opa-pdp/pkg/kafkacomm/mocks/kafkaproducerinterface.go:22.58,25.19 2 1
policy-opa-pdp/pkg/kafkacomm/mocks/kafkaproducerinterface.go:25.19,26.47 1 0
policy-opa-pdp/pkg/kafkacomm/mocks/kafkaproducerinterface.go:29.2,30.46 2 1
policy-opa-pdp/pkg/kafkacomm/mocks/kafkaproducerinterface.go:30.46,32.3 1 0
policy-opa-pdp/pkg/kafkacomm/mocks/kafkaproducerinterface.go:32.8,34.3 1 1
policy-opa-pdp/pkg/kafkacomm/mocks/kafkaproducerinterface.go:36.2,36.11 1 1
policy-opa-pdp/pkg/kafkacomm/mocks/kafkaproducerinterface.go:40.91,43.19 2 1
policy-opa-pdp/pkg/kafkacomm/mocks/kafkaproducerinterface.go:43.19,44.49 1 0
policy-opa-pdp/pkg/kafkacomm/mocks/kafkaproducerinterface.go:47.2,48.77 2 1
policy-opa-pdp/pkg/kafkacomm/mocks/kafkaproducerinterface.go:48.77,50.3 1 0
policy-opa-pdp/pkg/kafkacomm/mocks/kafkaproducerinterface.go:50.8,52.3 1 1
policy-opa-pdp/pkg/kafkacomm/mocks/kafkaproducerinterface.go:54.2,54.11 1 1
policy-opa-pdp/pkg/kafkacomm/mocks/kafkaproducerinterface.go:62.28,66.19 3 0
policy-opa-pdp/pkg/kafkacomm/mocks/kafkaproducerinterface.go:66.19,66.49 1 0
policy-opa-pdp/pkg/kafkacomm/mocks/kafkaproducerinterface.go:68.2,68.13 1 0
policy-opa-pdp/pkg/data/data-handler.go:55.97,56.73 1 1
policy-opa-pdp/pkg/data/data-handler.go:56.73,58.3 1 1
policy-opa-pdp/pkg/data/data-handler.go:59.2,59.34 1 1
policy-opa-pdp/pkg/data/data-handler.go:63.144,66.66 3 1
policy-opa-pdp/pkg/data/data-handler.go:66.66,68.3 1 0
policy-opa-pdp/pkg/data/data-handler.go:72.126,79.2 2 1
policy-opa-pdp/pkg/data/data-handler.go:82.87,87.46 3 1
policy-opa-pdp/pkg/data/data-handler.go:87.46,89.3 1 0
policy-opa-pdp/pkg/data/data-handler.go:92.2,92.51 1 1
policy-opa-pdp/pkg/data/data-handler.go:92.51,94.3 1 0
policy-opa-pdp/pkg/data/data-handler.go:97.2,97.54 1 1
policy-opa-pdp/pkg/data/data-handler.go:97.54,99.3 1 1
policy-opa-pdp/pkg/data/data-handler.go:102.2,102.40 1 1
policy-opa-pdp/pkg/data/data-handler.go:102.40,104.3 1 1
policy-opa-pdp/pkg/data/data-handler.go:107.2,107.52 1 1
policy-opa-pdp/pkg/data/data-handler.go:107.52,109.3 1 1
policy-opa-pdp/pkg/data/data-handler.go:112.2,112.48 1 1
policy-opa-pdp/pkg/data/data-handler.go:112.48,114.3 1 1
policy-opa-pdp/pkg/data/data-handler.go:117.2,117.51 1 1
policy-opa-pdp/pkg/data/data-handler.go:117.51,119.3 1 1
policy-opa-pdp/pkg/data/data-handler.go:121.2,121.50 1 1
policy-opa-pdp/pkg/data/data-handler.go:121.50,123.3 1 1
policy-opa-pdp/pkg/data/data-handler.go:125.2,125.46 1 1
policy-opa-pdp/pkg/data/data-handler.go:125.46,127.3 1 1
policy-opa-pdp/pkg/data/data-handler.go:129.2,129.48 1 1
policy-opa-pdp/pkg/data/data-handler.go:129.48,131.3 1 1
policy-opa-pdp/pkg/data/data-handler.go:134.2,134.25 1 1
policy-opa-pdp/pkg/data/data-handler.go:137.63,141.71 4 1
policy-opa-pdp/pkg/data/data-handler.go:141.71,146.3 4 1
policy-opa-pdp/pkg/data/data-handler.go:147.2,156.31 6 1
policy-opa-pdp/pkg/data/data-handler.go:156.31,161.3 4 1
policy-opa-pdp/pkg/data/data-handler.go:161.8,169.16 7 1
policy-opa-pdp/pkg/data/data-handler.go:169.16,174.4 4 1
policy-opa-pdp/pkg/data/data-handler.go:175.3,175.55 1 0
policy-opa-pdp/pkg/data/data-handler.go:175.55,178.18 1 0
policy-opa-pdp/pkg/data/data-handler.go:182.62,184.19 2 1
policy-opa-pdp/pkg/data/data-handler.go:185.15,186.25 1 1
policy-opa-pdp/pkg/data/data-handler.go:187.13,188.24 1 0
policy-opa-pdp/pkg/data/data-handler.go:189.10,190.39 1 1
policy-opa-pdp/pkg/data/data-handler.go:194.120,195.26 1 1
policy-opa-pdp/pkg/data/data-handler.go:195.26,198.17 2 1
policy-opa-pdp/pkg/data/data-handler.go:198.17,203.4 4 1
policy-opa-pdp/pkg/data/data-handler.go:204.3,206.20 2 1
policy-opa-pdp/pkg/data/data-handler.go:206.20,208.4 1 0
policy-opa-pdp/pkg/data/data-handler.go:209.3,216.57 4 1
policy-opa-pdp/pkg/data/data-handler.go:216.57,218.17 2 1
policy-opa-pdp/pkg/data/data-handler.go:218.17,223.5 4 1
policy-opa-pdp/pkg/data/data-handler.go:225.3,228.17 3 1
policy-opa-pdp/pkg/data/data-handler.go:228.17,233.4 4 1
policy-opa-pdp/pkg/data/data-handler.go:234.3,235.25 2 1
policy-opa-pdp/pkg/data/data-handler.go:235.25,237.4 1 0
policy-opa-pdp/pkg/data/data-handler.go:238.3,240.32 2 1
policy-opa-pdp/pkg/data/data-handler.go:243.2,243.15 1 1
policy-opa-pdp/pkg/data/data-handler.go:246.115,265.19 4 1
policy-opa-pdp/pkg/data/data-handler.go:265.19,266.18 1 1
policy-opa-pdp/pkg/data/data-handler.go:266.18,268.4 1 0
policy-opa-pdp/pkg/data/data-handler.go:268.9,270.4 1 1
policy-opa-pdp/pkg/data/data-handler.go:271.8,272.25 1 1
policy-opa-pdp/pkg/data/data-handler.go:272.25,277.4 4 1
policy-opa-pdp/pkg/data/data-handler.go:278.3,278.14 1 1
policy-opa-pdp/pkg/data/data-handler.go:281.2,284.9 3 1
policy-opa-pdp/pkg/data/data-handler.go:284.9,289.3 4 1
policy-opa-pdp/pkg/data/data-handler.go:291.2,291.20 1 1
policy-opa-pdp/pkg/data/data-handler.go:294.80,296.16 2 1
policy-opa-pdp/pkg/data/data-handler.go:297.13,298.14 1 1
policy-opa-pdp/pkg/data/data-handler.go:299.16,300.17 1 1
policy-opa-pdp/pkg/data/data-handler.go:301.17,302.18 1 1
policy-opa-pdp/pkg/data/data-handler.go:303.10,304.3 1 1
policy-opa-pdp/pkg/data/data-handler.go:304.3,309.4 4 1
policy-opa-pdp/pkg/data/data-handler.go:311.2,311.11 1 1
policy-opa-pdp/pkg/data/data-handler.go:318.97,322.23 3 1
policy-opa-pdp/pkg/data/data-handler.go:322.23,324.22 2 1
policy-opa-pdp/pkg/data/data-handler.go:324.22,327.71 2 1
policy-opa-pdp/pkg/data/data-handler.go:327.71,329.5 1 1
policy-opa-pdp/pkg/data/data-handler.go:330.4,333.10 4 1
policy-opa-pdp/pkg/data/data-handler.go:335.3,336.40 2 1
policy-opa-pdp/pkg/data/data-handler.go:339.2,339.12 1 1
policy-opa-pdp/pkg/data/data-handler.go:342.80,346.2 3 1
policy-opa-pdp/pkg/data/data-handler.go:348.67,355.2 6 1
policy-opa-pdp/pkg/data/data-handler.go:357.74,362.53 4 1
policy-opa-pdp/pkg/data/data-handler.go:362.53,364.17 2 1
policy-opa-pdp/pkg/data/data-handler.go:364.17,366.4 1 0
policy-opa-pdp/pkg/data/data-handler.go:366.9,372.4 3 1
policy-opa-pdp/pkg/data/data-handler.go:373.8,376.3 2 1
policy-opa-pdp/pkg/data/data-handler.go:378.2,380.57 3 1
policy-opa-pdp/pkg/data/data-handler.go:383.62,393.2 6 1
policy-opa-pdp/pkg/data/data-handler.go:399.56,403.19 3 1
policy-opa-pdp/pkg/data/data-handler.go:403.19,406.68 2 1
policy-opa-pdp/pkg/data/data-handler.go:406.68,408.4 1 1
policy-opa-pdp/pkg/data/data-handler.go:410.3,412.9 3 1
policy-opa-pdp/pkg/data/data-handler.go:415.2,415.17 1 1
policy-opa-pdp/pkg/data/data-handler.go:415.17,417.3 1 1
policy-opa-pdp/pkg/data/data-handler.go:419.2,422.66 3 1
policy-opa-pdp/pkg/data/data-handler.go:422.66,425.3 1 0
policy-opa-pdp/pkg/model/oapicodegen/models.go:162.86,166.2 3 0
policy-opa-pdp/pkg/model/oapicodegen/models.go:169.87,173.2 3 0
policy-opa-pdp/pkg/model/oapicodegen/models.go:176.88,178.16 2 0
policy-opa-pdp/pkg/model/oapicodegen/models.go:178.16,180.3 1 0
policy-opa-pdp/pkg/model/oapicodegen/models.go:182.2,184.12 3 0
policy-opa-pdp/pkg/model/oapicodegen/models.go:188.86,192.2 3 0
policy-opa-pdp/pkg/model/oapicodegen/models.go:195.87,199.2 3 0
policy-opa-pdp/pkg/model/oapicodegen/models.go:202.88,204.16 2 0
policy-opa-pdp/pkg/model/oapicodegen/models.go:204.16,206.3 1 0
policy-opa-pdp/pkg/model/oapicodegen/models.go:208.2,210.12 3 0
policy-opa-pdp/pkg/model/oapicodegen/models.go:213.61,216.2 2 1
policy-opa-pdp/pkg/model/oapicodegen/models.go:218.62,221.2 2 1
policy-opa-pdp/pkg/log/log.go:39.29,41.2 1 1
policy-opa-pdp/pkg/log/log.go:43.13,45.2 1 1
policy-opa-pdp/pkg/log/log.go:47.97,54.16 5 1
policy-opa-pdp/pkg/log/log.go:54.16,56.3 1 0
policy-opa-pdp/pkg/log/log.go:57.2,75.21 7 1
policy-opa-pdp/pkg/log/log.go:78.53,80.2 1 1
policy-opa-pdp/pkg/log/log.go:82.35,84.2 1 1
policy-opa-pdp/pkg/log/log.go:86.33,88.2 1 1
policy-opa-pdp/pkg/log/log.go:90.32,92.2 1 1
policy-opa-pdp/pkg/log/log.go:94.33,96.2 1 1
policy-opa-pdp/pkg/log/log.go:98.32,100.2 1 1
policy-opa-pdp/pkg/log/log.go:102.33,104.2 1 1
policy-opa-pdp/pkg/log/log.go:106.33,108.2 1 1
policy-opa-pdp/pkg/log/log.go:110.46,112.2 1 1
policy-opa-pdp/pkg/log/log.go:114.45,116.2 1 1
policy-opa-pdp/pkg/log/log.go:118.46,120.2 1 1
policy-opa-pdp/pkg/log/log.go:122.45,124.2 1 1
policy-opa-pdp/pkg/log/log.go:126.46,128.2 1 1
policy-opa-pdp/pkg/log/log.go:130.46,132.2 1 1
policy-opa-pdp/pkg/model/oapicodegen/models.go:162.86,166.2 3 0
policy-opa-pdp/pkg/model/oapicodegen/models.go:169.87,173.2 3 0
policy-opa-pdp/pkg/model/oapicodegen/models.go:176.88,178.16 2 0
policy-opa-pdp/pkg/model/oapicodegen/models.go:178.16,180.3 1 0
policy-opa-pdp/pkg/model/oapicodegen/models.go:182.2,184.12 3 0
policy-opa-pdp/pkg/model/oapicodegen/models.go:188.86,192.2 3 0
policy-opa-pdp/pkg/model/oapicodegen/models.go:195.87,199.2 3 0
policy-opa-pdp/pkg/model/oapicodegen/models.go:202.88,204.16 2 0
policy-opa-pdp/pkg/model/oapicodegen/models.go:204.16,206.3 1 0
policy-opa-pdp/pkg/model/oapicodegen/models.go:208.2,210.12 3 0
policy-opa-pdp/pkg/model/oapicodegen/models.go:213.61,216.2 2 0
policy-opa-pdp/pkg/model/oapicodegen/models.go:218.62,221.2 2 0
policy-opa-pdp/pkg/kafkacomm/mocks/kafkaconsumerinterface.go:19.49,22.19 2 0
policy-opa-pdp/pkg/kafkacomm/mocks/kafkaconsumerinterface.go:22.19,23.47 1 0
policy-opa-pdp/pkg/kafkacomm/mocks/kafkaconsumerinterface.go:26.2,27.45 2 0
policy-opa-pdp/pkg/kafkacomm/mocks/kafkaconsumerinterface.go:27.45,29.3 1 0
policy-opa-pdp/pkg/kafkacomm/mocks/kafkaconsumerinterface.go:29.8,31.3 1 0
policy-opa-pdp/pkg/kafkacomm/mocks/kafkaconsumerinterface.go:33.2,33.11 1 0
policy-opa-pdp/pkg/kafkacomm/mocks/kafkaconsumerinterface.go:37.94,40.19 2 0
policy-opa-pdp/pkg/kafkacomm/mocks/kafkaconsumerinterface.go:40.19,41.53 1 0
policy-opa-pdp/pkg/kafkacomm/mocks/kafkaconsumerinterface.go:44.2,46.76 3 0
policy-opa-pdp/pkg/kafkacomm/mocks/kafkaconsumerinterface.go:46.76,48.3 1 0
policy-opa-pdp/pkg/kafkacomm/mocks/kafkaconsumerinterface.go:49.2,49.67 1 0
policy-opa-pdp/pkg/kafkacomm/mocks/kafkaconsumerinterface.go:49.67,51.3 1 0
policy-opa-pdp/pkg/kafkacomm/mocks/kafkaconsumerinterface.go:51.8,52.24 1 0
policy-opa-pdp/pkg/kafkacomm/mocks/kafkaconsumerinterface.go:52.24,54.4 1 0
policy-opa-pdp/pkg/kafkacomm/mocks/kafkaconsumerinterface.go:57.2,57.58 1 0
policy-opa-pdp/pkg/kafkacomm/mocks/kafkaconsumerinterface.go:57.58,59.3 1 0
policy-opa-pdp/pkg/kafkacomm/mocks/kafkaconsumerinterface.go:59.8,61.3 1 0
policy-opa-pdp/pkg/kafkacomm/mocks/kafkaconsumerinterface.go:63.2,63.15 1 0
policy-opa-pdp/pkg/kafkacomm/mocks/kafkaconsumerinterface.go:67.55,70.19 2 0
policy-opa-pdp/pkg/kafkacomm/mocks/kafkaconsumerinterface.go:70.19,71.53 1 0
policy-opa-pdp/pkg/kafkacomm/mocks/kafkaconsumerinterface.go:74.2,75.45 2 0
policy-opa-pdp/pkg/kafkacomm/mocks/kafkaconsumerinterface.go:75.45,77.3 1 0
policy-opa-pdp/pkg/kafkacomm/mocks/kafkaconsumerinterface.go:77.8,79.3 1 0
policy-opa-pdp/pkg/kafkacomm/mocks/kafkaconsumerinterface.go:81.2,81.11 1 0
policy-opa-pdp/pkg/kafkacomm/mocks/kafkaconsumerinterface.go:89.28,93.19 3 0
policy-opa-pdp/pkg/kafkacomm/mocks/kafkaconsumerinterface.go:93.19,93.49 1 0
policy-opa-pdp/pkg/kafkacomm/mocks/kafkaconsumerinterface.go:95.2,95.13 1 0
policy-opa-pdp/pkg/kafkacomm/mocks/kafkaproducerinterface.go:17.43,19.2 1 0
policy-opa-pdp/pkg/kafkacomm/mocks/kafkaproducerinterface.go:22.58,25.19 2 0
policy-opa-pdp/pkg/kafkacomm/mocks/kafkaproducerinterface.go:25.19,26.47 1 0
policy-opa-pdp/pkg/kafkacomm/mocks/kafkaproducerinterface.go:29.2,30.46 2 0
policy-opa-pdp/pkg/kafkacomm/mocks/kafkaproducerinterface.go:30.46,32.3 1 0
policy-opa-pdp/pkg/kafkacomm/mocks/kafkaproducerinterface.go:32.8,34.3 1 0
policy-opa-pdp/pkg/kafkacomm/mocks/kafkaproducerinterface.go:36.2,36.11 1 0
policy-opa-pdp/pkg/kafkacomm/mocks/kafkaproducerinterface.go:40.91,43.19 2 0
policy-opa-pdp/pkg/kafkacomm/mocks/kafkaproducerinterface.go:43.19,44.49 1 0
policy-opa-pdp/pkg/kafkacomm/mocks/kafkaproducerinterface.go:47.2,48.77 2 0
policy-opa-pdp/pkg/kafkacomm/mocks/kafkaproducerinterface.go:48.77,50.3 1 0
policy-opa-pdp/pkg/kafkacomm/mocks/kafkaproducerinterface.go:50.8,52.3 1 0
policy-opa-pdp/pkg/kafkacomm/mocks/kafkaproducerinterface.go:54.2,54.11 1 0
policy-opa-pdp/pkg/kafkacomm/mocks/kafkaproducerinterface.go:62.28,66.19 3 0
policy-opa-pdp/pkg/kafkacomm/mocks/kafkaproducerinterface.go:66.19,66.49 1 0
policy-opa-pdp/pkg/kafkacomm/mocks/kafkaproducerinterface.go:68.2,68.13 1 0
policy-opa-pdp/pkg/kafkacomm/publisher/mocks/PdpStatusSender.go:17.75,20.19 2 0
policy-opa-pdp/pkg/kafkacomm/publisher/mocks/PdpStatusSender.go:20.19,21.55 1 0
policy-opa-pdp/pkg/kafkacomm/publisher/mocks/PdpStatusSender.go:24.2,25.60 2 0
policy-opa-pdp/pkg/kafkacomm/publisher/mocks/PdpStatusSender.go:25.60,27.3 1 0
policy-opa-pdp/pkg/kafkacomm/publisher/mocks/PdpStatusSender.go:27.8,29.3 1 0
policy-opa-pdp/pkg/kafkacomm/publisher/mocks/PdpStatusSender.go:31.2,31.11 1 0
policy-opa-pdp/pkg/kafkacomm/publisher/mocks/PdpStatusSender.go:39.21,43.19 3 0
policy-opa-pdp/pkg/kafkacomm/publisher/mocks/PdpStatusSender.go:43.19,43.49 1 0
policy-opa-pdp/pkg/kafkacomm/publisher/mocks/PdpStatusSender.go:45.2,45.13 1 0
policy-opa-pdp/pkg/model/mesages.go:44.47,45.17 1 1
policy-opa-pdp/pkg/model/mesages.go:46.18,47.22 1 1
policy-opa-pdp/pkg/model/mesages.go:48.18,49.22 1 1
policy-opa-pdp/pkg/model/mesages.go:50.24,51.28 1 1
policy-opa-pdp/pkg/model/mesages.go:52.24,53.28 1 1
policy-opa-pdp/pkg/model/mesages.go:54.23,55.27 1 1
policy-opa-pdp/pkg/model/mesages.go:56.10,57.60 1 1
policy-opa-pdp/pkg/model/mesages.go:61.55,63.2 1 1
policy-opa-pdp/pkg/model/pdphealthstatus.go:41.47,42.16 1 1
policy-opa-pdp/pkg/model/pdphealthstatus.go:43.15,44.19 1 1
policy-opa-pdp/pkg/model/pdphealthstatus.go:45.18,46.23 1 1
policy-opa-pdp/pkg/model/pdphealthstatus.go:47.22,48.28 1 1
policy-opa-pdp/pkg/model/pdphealthstatus.go:49.15,50.19 1 1
policy-opa-pdp/pkg/model/pdphealthstatus.go:51.10,52.60 1 1
policy-opa-pdp/pkg/model/pdphealthstatus.go:56.56,58.2 1 1
policy-opa-pdp/pkg/model/pdpstate.go:42.39,43.15 1 1
policy-opa-pdp/pkg/model/pdpstate.go:44.15,45.19 1 1
policy-opa-pdp/pkg/model/pdpstate.go:46.12,47.16 1 1
policy-opa-pdp/pkg/model/pdpstate.go:48.12,49.16 1 1
policy-opa-pdp/pkg/model/pdpstate.go:50.14,51.18 1 1
policy-opa-pdp/pkg/model/pdpstate.go:52.18,53.22 1 1
policy-opa-pdp/pkg/model/pdpstate.go:54.10,55.52 1 1
policy-opa-pdp/pkg/model/pdpstate.go:59.49,61.2 1 1
policy-opa-pdp/pkg/model/pdpstate.go:63.63,64.15 1 1
policy-opa-pdp/pkg/model/pdpstate.go:65.17,66.22 1 1
policy-opa-pdp/pkg/model/pdpstate.go:67.14,68.19 1 1
policy-opa-pdp/pkg/model/pdpstate.go:69.14,70.19 1 1
policy-opa-pdp/pkg/model/pdpstate.go:71.16,72.21 1 1
policy-opa-pdp/pkg/model/pdpstate.go:73.20,74.25 1 1
policy-opa-pdp/pkg/model/pdpstate.go:75.10,76.55 1 1
policy-opa-pdp/pkg/model/toscaconceptidentifier.go:33.78,38.2 1 1
policy-opa-pdp/pkg/model/toscaconceptidentifier.go:40.74,45.2 1 1
policy-opa-pdp/pkg/model/toscaconceptidentifier.go:47.59,48.39 1 1
policy-opa-pdp/pkg/model/toscaconceptidentifier.go:48.39,50.3 1 1
policy-opa-pdp/pkg/model/toscaconceptidentifier.go:51.2,51.12 1 1
policy-opa-pdp/pkg/metrics/counters.go:36.33,40.2 3 1
policy-opa-pdp/pkg/metrics/counters.go:43.34,47.2 3 1
policy-opa-pdp/pkg/metrics/counters.go:50.38,54.2 3 1
policy-opa-pdp/pkg/metrics/counters.go:57.44,62.2 3 1
policy-opa-pdp/pkg/metrics/counters.go:65.38,69.2 3 1
policy-opa-pdp/pkg/metrics/counters.go:72.44,77.2 3 1
policy-opa-pdp/pkg/metrics/counters.go:80.36,84.2 3 1
policy-opa-pdp/pkg/metrics/counters.go:88.42,93.2 3 1
policy-opa-pdp/pkg/metrics/counters.go:96.36,100.2 3 1
policy-opa-pdp/pkg/metrics/counters.go:104.42,109.2 3 1
policy-opa-pdp/pkg/metrics/counters.go:113.38,117.2 3 1
policy-opa-pdp/pkg/metrics/counters.go:121.44,126.2 3 1
policy-opa-pdp/pkg/metrics/counters.go:129.38,133.2 3 1
policy-opa-pdp/pkg/metrics/counters.go:137.44,142.2 3 1
policy-opa-pdp/pkg/metrics/counters.go:145.44,149.2 3 1
policy-opa-pdp/pkg/metrics/counters.go:153.37,157.2 3 1
policy-opa-pdp/pkg/metrics/statistics-provider.go:35.73,41.53 4 1
policy-opa-pdp/pkg/metrics/statistics-provider.go:41.53,43.17 2 1
policy-opa-pdp/pkg/metrics/statistics-provider.go:43.17,45.4 1 0
policy-opa-pdp/pkg/metrics/statistics-provider.go:45.9,51.4 3 1
policy-opa-pdp/pkg/metrics/statistics-provider.go:52.8,56.3 3 1
policy-opa-pdp/pkg/metrics/statistics-provider.go:58.2,80.64 16 1
policy-opa-pdp/pkg/metrics/statistics-provider.go:80.64,84.3 3 0
policy-opa-pdp/pkg/model/oapicodegen/models.go:162.86,166.2 3 0
policy-opa-pdp/pkg/model/oapicodegen/models.go:169.87,173.2 3 0
policy-opa-pdp/pkg/model/oapicodegen/models.go:176.88,178.16 2 0
policy-opa-pdp/pkg/model/oapicodegen/models.go:178.16,180.3 1 0
policy-opa-pdp/pkg/model/oapicodegen/models.go:182.2,184.12 3 0
policy-opa-pdp/pkg/model/oapicodegen/models.go:188.86,192.2 3 0
policy-opa-pdp/pkg/model/oapicodegen/models.go:195.87,199.2 3 0
policy-opa-pdp/pkg/model/oapicodegen/models.go:202.88,204.16 2 0
policy-opa-pdp/pkg/model/oapicodegen/models.go:204.16,206.3 1 0
policy-opa-pdp/pkg/model/oapicodegen/models.go:208.2,210.12 3 0
policy-opa-pdp/pkg/model/oapicodegen/models.go:213.61,216.2 2 0
policy-opa-pdp/pkg/model/oapicodegen/models.go:218.62,221.2 2 0
policy-opa-pdp/pkg/kafkacomm/publisher/pdp-heartbeat.go:46.71,50.20 3 1
policy-opa-pdp/pkg/kafkacomm/publisher/pdp-heartbeat.go:50.20,54.3 3 1
policy-opa-pdp/pkg/kafkacomm/publisher/pdp-heartbeat.go:54.8,54.28 1 1
policy-opa-pdp/pkg/kafkacomm/publisher/pdp-heartbeat.go:54.28,57.3 1 0
policy-opa-pdp/pkg/kafkacomm/publisher/pdp-heartbeat.go:59.2,59.52 1 1
policy-opa-pdp/pkg/kafkacomm/publisher/pdp-heartbeat.go:59.52,62.3 2 1
policy-opa-pdp/pkg/kafkacomm/publisher/pdp-heartbeat.go:64.2,64.19 1 1
policy-opa-pdp/pkg/kafkacomm/publisher/pdp-heartbeat.go:64.19,66.3 1 1
policy-opa-pdp/pkg/kafkacomm/publisher/pdp-heartbeat.go:68.2,73.12 5 1
policy-opa-pdp/pkg/kafkacomm/publisher/pdp-heartbeat.go:73.12,74.7 1 1
policy-opa-pdp/pkg/kafkacomm/publisher/pdp-heartbeat.go:74.7,75.11 1 1
policy-opa-pdp/pkg/kafkacomm/publisher/pdp-heartbeat.go:76.20,77.47 1 0
policy-opa-pdp/pkg/kafkacomm/publisher/pdp-heartbeat.go:77.47,79.6 1 0
policy-opa-pdp/pkg/kafkacomm/publisher/pdp-heartbeat.go:80.20,82.11 2 1
policy-opa-pdp/pkg/kafkacomm/publisher/pdp-heartbeat.go:89.48,106.23 5 1
policy-opa-pdp/pkg/kafkacomm/publisher/pdp-heartbeat.go:106.23,107.62 1 1
policy-opa-pdp/pkg/kafkacomm/publisher/pdp-heartbeat.go:107.62,109.4 1 0
policy-opa-pdp/pkg/kafkacomm/publisher/pdp-heartbeat.go:109.9,111.4 1 1
policy-opa-pdp/pkg/kafkacomm/publisher/pdp-heartbeat.go:114.2,116.16 3 1
policy-opa-pdp/pkg/kafkacomm/publisher/pdp-heartbeat.go:116.16,119.3 2 1
policy-opa-pdp/pkg/kafkacomm/publisher/pdp-heartbeat.go:119.8,121.3 1 1
policy-opa-pdp/pkg/kafkacomm/publisher/pdp-heartbeat.go:125.19,128.38 3 1
policy-opa-pdp/pkg/kafkacomm/publisher/pdp-heartbeat.go:128.38,134.3 5 1
policy-opa-pdp/pkg/kafkacomm/publisher/pdp-heartbeat.go:134.8,136.3 1 1
policy-opa-pdp/pkg/kafkacomm/publisher/pdp-pap-registration.go:45.78,53.16 6 1
policy-opa-pdp/pkg/kafkacomm/publisher/pdp-pap-registration.go:53.16,56.3 2 0
policy-opa-pdp/pkg/kafkacomm/publisher/pdp-pap-registration.go:58.2,67.16 4 1
policy-opa-pdp/pkg/kafkacomm/publisher/pdp-pap-registration.go:67.16,70.3 2 1
policy-opa-pdp/pkg/kafkacomm/publisher/pdp-pap-registration.go:70.8,72.3 1 1
policy-opa-pdp/pkg/kafkacomm/publisher/pdp-pap-registration.go:74.2,74.12 1 1
policy-opa-pdp/pkg/kafkacomm/publisher/pdp-pap-registration.go:78.54,95.16 4 1
policy-opa-pdp/pkg/kafkacomm/publisher/pdp-pap-registration.go:95.16,98.3 2 1
policy-opa-pdp/pkg/kafkacomm/publisher/pdp-pap-registration.go:99.2,99.12 1 1
policy-opa-pdp/pkg/kafkacomm/publisher/pdp-status-publisher.go:40.100,67.23 7 1
policy-opa-pdp/pkg/kafkacomm/publisher/pdp-status-publisher.go:67.23,68.62 1 1
policy-opa-pdp/pkg/kafkacomm/publisher/pdp-status-publisher.go:68.62,70.4 1 0
policy-opa-pdp/pkg/kafkacomm/publisher/pdp-status-publisher.go:70.9,72.4 1 1
policy-opa-pdp/pkg/kafkacomm/publisher/pdp-status-publisher.go:75.2,78.16 3 1
policy-opa-pdp/pkg/kafkacomm/publisher/pdp-status-publisher.go:78.16,81.3 2 1
policy-opa-pdp/pkg/kafkacomm/publisher/pdp-status-publisher.go:83.2,83.12 1 1
policy-opa-pdp/pkg/kafkacomm/publisher/pdp-status-publisher.go:87.97,114.23 7 1
policy-opa-pdp/pkg/kafkacomm/publisher/pdp-status-publisher.go:114.23,115.62 1 1
policy-opa-pdp/pkg/kafkacomm/publisher/pdp-status-publisher.go:115.62,117.4 1 0
policy-opa-pdp/pkg/kafkacomm/publisher/pdp-status-publisher.go:117.9,119.4 1 1
policy-opa-pdp/pkg/kafkacomm/publisher/pdp-status-publisher.go:122.2,125.16 3 1
policy-opa-pdp/pkg/kafkacomm/publisher/pdp-status-publisher.go:125.16,128.3 2 1
policy-opa-pdp/pkg/kafkacomm/publisher/pdp-status-publisher.go:130.2,130.12 1 0
policy-opa-pdp/pkg/kafkacomm/publisher/pdp-status-publisher.go:135.93,162.16 8 1
policy-opa-pdp/pkg/kafkacomm/publisher/pdp-status-publisher.go:162.16,165.3 2 1
policy-opa-pdp/pkg/kafkacomm/publisher/pdp-status-publisher.go:167.2,167.12 1 1
policy-opa-pdp/pkg/kafkacomm/publisher/mocks/PdpStatusSender.go:17.75,20.19 2 1
policy-opa-pdp/pkg/kafkacomm/publisher/mocks/PdpStatusSender.go:20.19,21.55 1 0
policy-opa-pdp/pkg/kafkacomm/publisher/mocks/PdpStatusSender.go:24.2,25.60 2 1
policy-opa-pdp/pkg/kafkacomm/publisher/mocks/PdpStatusSender.go:25.60,27.3 1 0
policy-opa-pdp/pkg/kafkacomm/publisher/mocks/PdpStatusSender.go:27.8,29.3 1 1
policy-opa-pdp/pkg/kafkacomm/publisher/mocks/PdpStatusSender.go:31.2,31.11 1 1
policy-opa-pdp/pkg/kafkacomm/publisher/mocks/PdpStatusSender.go:39.21,43.19 3 0
policy-opa-pdp/pkg/kafkacomm/publisher/mocks/PdpStatusSender.go:43.19,43.49 1 0
policy-opa-pdp/pkg/kafkacomm/publisher/mocks/PdpStatusSender.go:45.2,45.13 1 0
policy-opa-pdp/pkg/kafkacomm/handler/pdp_message_handler.go:42.24,46.2 3 1
policy-opa-pdp/pkg/kafkacomm/handler/pdp_message_handler.go:49.24,53.2 3 1
policy-opa-pdp/pkg/kafkacomm/handler/pdp_message_handler.go:63.60,65.24 1 1
policy-opa-pdp/pkg/kafkacomm/handler/pdp_message_handler.go:65.24,69.3 1 1
policy-opa-pdp/pkg/kafkacomm/handler/pdp_message_handler.go:72.2,72.28 1 1
policy-opa-pdp/pkg/kafkacomm/handler/pdp_message_handler.go:72.28,75.3 1 1
policy-opa-pdp/pkg/kafkacomm/handler/pdp_message_handler.go:77.2,77.37 1 1
policy-opa-pdp/pkg/kafkacomm/handler/pdp_message_handler.go:77.37,81.3 1 1
policy-opa-pdp/pkg/kafkacomm/handler/pdp_message_handler.go:83.2,83.41 1 1
policy-opa-pdp/pkg/kafkacomm/handler/pdp_message_handler.go:83.41,86.3 1 1
policy-opa-pdp/pkg/kafkacomm/handler/pdp_message_handler.go:88.2,88.31 1 1
policy-opa-pdp/pkg/kafkacomm/handler/pdp_message_handler.go:88.31,92.3 1 1
policy-opa-pdp/pkg/kafkacomm/handler/pdp_message_handler.go:94.2,94.57 1 1
policy-opa-pdp/pkg/kafkacomm/handler/pdp_message_handler.go:99.123,103.21 3 1
policy-opa-pdp/pkg/kafkacomm/handler/pdp_message_handler.go:103.21,104.10 1 1
policy-opa-pdp/pkg/kafkacomm/handler/pdp_message_handler.go:105.21,108.24 3 1
policy-opa-pdp/pkg/kafkacomm/handler/pdp_message_handler.go:109.11,111.18 2 1
policy-opa-pdp/pkg/kafkacomm/handler/pdp_message_handler.go:111.18,112.13 1 0
policy-opa-pdp/pkg/kafkacomm/handler/pdp_message_handler.go:114.4,116.22 2 1
policy-opa-pdp/pkg/kafkacomm/handler/pdp_message_handler.go:116.22,121.19 3 1
policy-opa-pdp/pkg/kafkacomm/handler/pdp_message_handler.go:121.19,123.14 2 1
policy-opa-pdp/pkg/kafkacomm/handler/pdp_message_handler.go:126.5,126.50 1 1
policy-opa-pdp/pkg/kafkacomm/handler/pdp_message_handler.go:126.50,129.14 2 0
policy-opa-pdp/pkg/kafkacomm/handler/pdp_message_handler.go:132.5,132.38 1 1
policy-opa-pdp/pkg/kafkacomm/handler/pdp_message_handler.go:134.23,136.20 2 1
policy-opa-pdp/pkg/kafkacomm/handler/pdp_message_handler.go:136.20,138.7 1 1
policy-opa-pdp/pkg/kafkacomm/handler/pdp_message_handler.go:140.29,142.20 2 1
policy-opa-pdp/pkg/kafkacomm/handler/pdp_message_handler.go:142.20,144.7 1 1
policy-opa-pdp/pkg/kafkacomm/handler/pdp_message_handler.go:146.23,148.14 2 1
policy-opa-pdp/pkg/kafkacomm/handler/pdp_message_handler.go:149.13,151.14 2 1
policy-opa-pdp/pkg/kafkacomm/handler/pdp_message_handler.go:159.2,159.12 1 0
policy-opa-pdp/pkg/kafkacomm/handler/pdp_state_change_handler.go:32.86,37.16 3 1
policy-opa-pdp/pkg/kafkacomm/handler/pdp_state_change_handler.go:37.16,40.3 2 1
policy-opa-pdp/pkg/kafkacomm/handler/pdp_state_change_handler.go:42.2,44.32 2 1
policy-opa-pdp/pkg/kafkacomm/handler/pdp_state_change_handler.go:44.32,46.17 2 1
policy-opa-pdp/pkg/kafkacomm/handler/pdp_state_change_handler.go:46.17,49.4 2 0
policy-opa-pdp/pkg/kafkacomm/handler/pdp_state_change_handler.go:53.2,55.16 3 1
policy-opa-pdp/pkg/kafkacomm/handler/pdp_state_change_handler.go:55.16,58.3 2 1
policy-opa-pdp/pkg/kafkacomm/handler/pdp_state_change_handler.go:59.2,61.12 2 1
policy-opa-pdp/pkg/kafkacomm/handler/pdp_update_deploy_policy.go:71.63,75.16 2 1
policy-opa-pdp/pkg/kafkacomm/handler/pdp_update_deploy_policy.go:75.16,78.3 2 1
policy-opa-pdp/pkg/kafkacomm/handler/pdp_update_deploy_policy.go:80.2,81.16 2 1
policy-opa-pdp/pkg/kafkacomm/handler/pdp_update_deploy_policy.go:81.16,84.3 2 1
policy-opa-pdp/pkg/kafkacomm/handler/pdp_update_deploy_policy.go:86.2,87.16 2 1
policy-opa-pdp/pkg/kafkacomm/handler/pdp_update_deploy_policy.go:87.16,90.3 2 1
policy-opa-pdp/pkg/kafkacomm/handler/pdp_update_deploy_policy.go:92.2,93.16 2 1
policy-opa-pdp/pkg/kafkacomm/handler/pdp_update_deploy_policy.go:93.16,96.3 2 1
policy-opa-pdp/pkg/kafkacomm/handler/pdp_update_deploy_policy.go:98.2,98.12 1 1
policy-opa-pdp/pkg/kafkacomm/handler/pdp_update_deploy_policy.go:102.71,104.50 1 1
policy-opa-pdp/pkg/kafkacomm/handler/pdp_update_deploy_policy.go:104.50,108.17 3 1
policy-opa-pdp/pkg/kafkacomm/handler/pdp_update_deploy_policy.go:108.17,111.4 2 1
policy-opa-pdp/pkg/kafkacomm/handler/pdp_update_deploy_policy.go:113.3,114.17 2 1
policy-opa-pdp/pkg/kafkacomm/handler/pdp_update_deploy_policy.go:114.17,117.4 2 1
policy-opa-pdp/pkg/kafkacomm/handler/pdp_update_deploy_policy.go:118.3,118.78 1 1
policy-opa-pdp/pkg/kafkacomm/handler/pdp_update_deploy_policy.go:121.2,121.12 1 1
policy-opa-pdp/pkg/kafkacomm/handler/pdp_update_deploy_policy.go:125.65,127.44 1 1
policy-opa-pdp/pkg/kafkacomm/handler/pdp_update_deploy_policy.go:127.44,131.17 3 1
policy-opa-pdp/pkg/kafkacomm/handler/pdp_update_deploy_policy.go:131.17,134.4 2 1
policy-opa-pdp/pkg/kafkacomm/handler/pdp_update_deploy_policy.go:136.3,137.17 2 1
policy-opa-pdp/pkg/kafkacomm/handler/pdp_update_deploy_policy.go:137.17,140.4 2 1
policy-opa-pdp/pkg/kafkacomm/handler/pdp_update_deploy_policy.go:141.3,141.72 1 1
policy-opa-pdp/pkg/kafkacomm/handler/pdp_update_deploy_policy.go:144.2,144.12 1 1
policy-opa-pdp/pkg/kafkacomm/handler/pdp_update_deploy_policy.go:148.94,152.59 3 1
policy-opa-pdp/pkg/kafkacomm/handler/pdp_update_deploy_policy.go:152.59,154.17 2 1
policy-opa-pdp/pkg/kafkacomm/handler/pdp_update_deploy_policy.go:154.17,158.4 2 1
policy-opa-pdp/pkg/kafkacomm/handler/pdp_update_deploy_policy.go:160.3,165.76 4 1
policy-opa-pdp/pkg/kafkacomm/handler/pdp_update_deploy_policy.go:165.76,169.4 2 1
policy-opa-pdp/pkg/kafkacomm/handler/pdp_update_deploy_policy.go:171.3,171.76 1 1
policy-opa-pdp/pkg/kafkacomm/handler/pdp_update_deploy_policy.go:174.2,174.35 1 1
policy-opa-pdp/pkg/kafkacomm/handler/pdp_update_deploy_policy.go:178.66,181.21 2 1
policy-opa-pdp/pkg/kafkacomm/handler/pdp_update_deploy_policy.go:181.21,183.3 1 0
policy-opa-pdp/pkg/kafkacomm/handler/pdp_update_deploy_policy.go:186.2,187.49 2 1
policy-opa-pdp/pkg/kafkacomm/handler/pdp_update_deploy_policy.go:187.49,189.3 1 1
policy-opa-pdp/pkg/kafkacomm/handler/pdp_update_deploy_policy.go:192.2,197.40 3 1
policy-opa-pdp/pkg/kafkacomm/handler/pdp_update_deploy_policy.go:197.40,199.3 1 1
policy-opa-pdp/pkg/kafkacomm/handler/pdp_update_deploy_policy.go:201.2,201.12 1 1
policy-opa-pdp/pkg/kafkacomm/handler/pdp_update_deploy_policy.go:205.90,209.55 3 1
policy-opa-pdp/pkg/kafkacomm/handler/pdp_update_deploy_policy.go:209.55,211.17 2 1
policy-opa-pdp/pkg/kafkacomm/handler/pdp_update_deploy_policy.go:211.17,214.4 2 1
policy-opa-pdp/pkg/kafkacomm/handler/pdp_update_deploy_policy.go:215.3,217.57 3 1
policy-opa-pdp/pkg/kafkacomm/handler/pdp_update_deploy_policy.go:220.2,220.31 1 1
policy-opa-pdp/pkg/kafkacomm/handler/pdp_update_deploy_policy.go:224.52,229.45 2 1
policy-opa-pdp/pkg/kafkacomm/handler/pdp_update_deploy_policy.go:229.45,233.3 1 1
policy-opa-pdp/pkg/kafkacomm/handler/pdp_update_deploy_policy.go:234.2,234.47 1 1
policy-opa-pdp/pkg/kafkacomm/handler/pdp_update_deploy_policy.go:234.47,238.3 1 1
policy-opa-pdp/pkg/kafkacomm/handler/pdp_update_deploy_policy.go:240.2,240.17 1 1
policy-opa-pdp/pkg/kafkacomm/handler/pdp_update_deploy_policy.go:244.51,246.27 2 1
policy-opa-pdp/pkg/kafkacomm/handler/pdp_update_deploy_policy.go:246.27,249.17 3 1
policy-opa-pdp/pkg/kafkacomm/handler/pdp_update_deploy_policy.go:249.17,252.4 2 1
policy-opa-pdp/pkg/kafkacomm/handler/pdp_update_deploy_policy.go:255.2,255.12 1 1
policy-opa-pdp/pkg/kafkacomm/handler/pdp_update_deploy_policy.go:259.49,261.35 2 1
policy-opa-pdp/pkg/kafkacomm/handler/pdp_update_deploy_policy.go:261.35,269.17 7 1
policy-opa-pdp/pkg/kafkacomm/handler/pdp_update_deploy_policy.go:269.17,273.4 2 0
policy-opa-pdp/pkg/kafkacomm/handler/pdp_update_deploy_policy.go:274.3,276.17 3 1
policy-opa-pdp/pkg/kafkacomm/handler/pdp_update_deploy_policy.go:276.17,280.4 2 1
policy-opa-pdp/pkg/kafkacomm/handler/pdp_update_deploy_policy.go:283.2,283.12 1 1
policy-opa-pdp/pkg/kafkacomm/handler/pdp_update_deploy_policy.go:287.115,294.56 4 1
policy-opa-pdp/pkg/kafkacomm/handler/pdp_update_deploy_policy.go:294.56,298.17 2 1
policy-opa-pdp/pkg/kafkacomm/handler/pdp_update_deploy_policy.go:298.17,303.12 5 1
policy-opa-pdp/pkg/kafkacomm/handler/pdp_update_deploy_policy.go:305.3,305.20 1 1
policy-opa-pdp/pkg/kafkacomm/handler/pdp_update_deploy_policy.go:305.20,307.4 1 1
policy-opa-pdp/pkg/kafkacomm/handler/pdp_update_deploy_policy.go:309.3,309.69 1 1
policy-opa-pdp/pkg/kafkacomm/handler/pdp_update_deploy_policy.go:309.69,314.12 5 1
policy-opa-pdp/pkg/kafkacomm/handler/pdp_update_deploy_policy.go:318.3,318.61 1 1
policy-opa-pdp/pkg/kafkacomm/handler/pdp_update_deploy_policy.go:318.61,322.12 4 1
policy-opa-pdp/pkg/kafkacomm/handler/pdp_update_deploy_policy.go:326.3,326.62 1 1
policy-opa-pdp/pkg/kafkacomm/handler/pdp_update_deploy_policy.go:326.62,330.12 4 1
policy-opa-pdp/pkg/kafkacomm/handler/pdp_update_deploy_policy.go:334.3,334.70 1 1
policy-opa-pdp/pkg/kafkacomm/handler/pdp_update_deploy_policy.go:334.70,338.12 4 1
policy-opa-pdp/pkg/kafkacomm/handler/pdp_update_deploy_policy.go:339.9,341.75 2 1
policy-opa-pdp/pkg/kafkacomm/handler/pdp_update_deploy_policy.go:341.75,343.5 1 0
policy-opa-pdp/pkg/kafkacomm/handler/pdp_update_deploy_policy.go:345.3,346.47 2 1
policy-opa-pdp/pkg/kafkacomm/handler/pdp_update_deploy_policy.go:350.2,353.41 3 1
policy-opa-pdp/pkg/kafkacomm/handler/pdp_update_deploy_policy.go:357.82,358.45 1 1
policy-opa-pdp/pkg/kafkacomm/handler/pdp_update_deploy_policy.go:358.45,361.3 2 1
policy-opa-pdp/pkg/kafkacomm/handler/pdp_update_deploy_policy.go:362.2,362.39 1 0
policy-opa-pdp/pkg/kafkacomm/handler/pdp_update_deploy_policy.go:366.67,369.24 2 1
policy-opa-pdp/pkg/kafkacomm/handler/pdp_update_deploy_policy.go:369.24,372.3 2 1
policy-opa-pdp/pkg/kafkacomm/handler/pdp_update_deploy_policy.go:374.2,375.16 2 1
policy-opa-pdp/pkg/kafkacomm/handler/pdp_update_deploy_policy.go:375.16,377.36 2 1
policy-opa-pdp/pkg/kafkacomm/handler/pdp_update_deploy_policy.go:377.36,378.69 1 1
policy-opa-pdp/pkg/kafkacomm/handler/pdp_update_deploy_policy.go:378.69,380.5 1 0
policy-opa-pdp/pkg/kafkacomm/handler/pdp_update_deploy_policy.go:382.3,383.55 2 1
policy-opa-pdp/pkg/kafkacomm/handler/pdp_update_deploy_policy.go:385.2,385.12 1 1
policy-opa-pdp/pkg/kafkacomm/handler/pdp_update_deploy_policy.go:389.93,390.49 1 1
policy-opa-pdp/pkg/kafkacomm/handler/pdp_update_deploy_policy.go:390.49,393.3 2 1
policy-opa-pdp/pkg/kafkacomm/handler/pdp_update_deploy_policy.go:395.2,395.47 1 1
policy-opa-pdp/pkg/kafkacomm/handler/pdp_update_deploy_policy.go:395.47,397.3 1 1
policy-opa-pdp/pkg/kafkacomm/handler/pdp_update_deploy_policy.go:399.2,399.12 1 1
policy-opa-pdp/pkg/kafkacomm/handler/pdp_update_deploy_policy.go:403.67,405.16 2 1
policy-opa-pdp/pkg/kafkacomm/handler/pdp_update_deploy_policy.go:405.16,408.3 2 1
policy-opa-pdp/pkg/kafkacomm/handler/pdp_update_deploy_policy.go:410.2,412.16 2 1
policy-opa-pdp/pkg/kafkacomm/handler/pdp_update_deploy_policy.go:412.16,415.3 2 1
policy-opa-pdp/pkg/kafkacomm/handler/pdp_update_deploy_policy.go:416.2,416.27 1 1
policy-opa-pdp/pkg/kafkacomm/handler/pdp_update_message_handler.go:53.81,59.16 5 1
policy-opa-pdp/pkg/kafkacomm/handler/pdp_update_message_handler.go:59.16,62.75 3 1
policy-opa-pdp/pkg/kafkacomm/handler/pdp_update_message_handler.go:62.75,65.4 2 1
policy-opa-pdp/pkg/kafkacomm/handler/pdp_update_message_handler.go:66.3,66.13 1 0
policy-opa-pdp/pkg/kafkacomm/handler/pdp_update_message_handler.go:70.2,71.16 2 1
policy-opa-pdp/pkg/kafkacomm/handler/pdp_update_message_handler.go:71.16,73.75 2 1
policy-opa-pdp/pkg/kafkacomm/handler/pdp_update_message_handler.go:73.75,76.4 2 1
policy-opa-pdp/pkg/kafkacomm/handler/pdp_update_message_handler.go:77.3,77.13 1 1
policy-opa-pdp/pkg/kafkacomm/handler/pdp_update_message_handler.go:80.2,85.45 4 1
policy-opa-pdp/pkg/kafkacomm/handler/pdp_update_message_handler.go:85.45,88.30 3 1
policy-opa-pdp/pkg/kafkacomm/handler/pdp_update_message_handler.go:88.30,90.4 1 1
policy-opa-pdp/pkg/kafkacomm/handler/pdp_update_message_handler.go:91.3,91.17 1 1
policy-opa-pdp/pkg/kafkacomm/handler/pdp_update_message_handler.go:91.17,94.75 3 0
policy-opa-pdp/pkg/kafkacomm/handler/pdp_update_message_handler.go:94.75,97.5 2 0
policy-opa-pdp/pkg/kafkacomm/handler/pdp_update_message_handler.go:99.3,99.32 1 1
policy-opa-pdp/pkg/kafkacomm/handler/pdp_update_message_handler.go:103.2,103.47 1 1
policy-opa-pdp/pkg/kafkacomm/handler/pdp_update_message_handler.go:103.47,107.30 4 1
policy-opa-pdp/pkg/kafkacomm/handler/pdp_update_message_handler.go:107.30,109.4 1 1
policy-opa-pdp/pkg/kafkacomm/handler/pdp_update_message_handler.go:110.3,110.17 1 1
policy-opa-pdp/pkg/kafkacomm/handler/pdp_update_message_handler.go:110.17,113.75 3 0
policy-opa-pdp/pkg/kafkacomm/handler/pdp_update_message_handler.go:113.75,116.5 2 0
policy-opa-pdp/pkg/kafkacomm/handler/pdp_update_message_handler.go:118.3,118.32 1 1
policy-opa-pdp/pkg/kafkacomm/handler/pdp_update_message_handler.go:121.2,121.92 1 1
policy-opa-pdp/pkg/kafkacomm/handler/pdp_update_message_handler.go:121.92,124.17 2 1
policy-opa-pdp/pkg/kafkacomm/handler/pdp_update_message_handler.go:124.17,127.4 2 1
policy-opa-pdp/pkg/kafkacomm/handler/pdp_update_message_handler.go:128.8,130.99 1 1
policy-opa-pdp/pkg/kafkacomm/handler/pdp_update_message_handler.go:130.99,132.4 1 1
policy-opa-pdp/pkg/kafkacomm/handler/pdp_update_message_handler.go:134.2,136.12 3 1
policy-opa-pdp/pkg/kafkacomm/handler/pdp_update_message_handler.go:140.113,142.2 1 0
policy-opa-pdp/pkg/kafkacomm/handler/pdp_update_message_handler.go:144.109,145.83 1 1
policy-opa-pdp/pkg/kafkacomm/handler/pdp_update_message_handler.go:145.83,147.3 1 1
policy-opa-pdp/pkg/kafkacomm/handler/pdp_update_message_handler.go:148.2,148.12 1 1
policy-opa-pdp/pkg/kafkacomm/handler/pdp_update_message_handler.go:151.108,152.88 1 1
policy-opa-pdp/pkg/kafkacomm/handler/pdp_update_message_handler.go:152.88,154.3 1 1
policy-opa-pdp/pkg/kafkacomm/handler/pdp_update_message_handler.go:155.2,155.12 1 1
policy-opa-pdp/pkg/kafkacomm/handler/pdp_update_message_handler.go:158.144,159.30 1 1
policy-opa-pdp/pkg/kafkacomm/handler/pdp_update_message_handler.go:159.30,161.75 2 1
policy-opa-pdp/pkg/kafkacomm/handler/pdp_update_message_handler.go:161.75,164.4 2 1
policy-opa-pdp/pkg/kafkacomm/handler/pdp_update_message_handler.go:165.8,167.49 1 1
policy-opa-pdp/pkg/kafkacomm/handler/pdp_update_message_handler.go:167.49,169.76 2 1
policy-opa-pdp/pkg/kafkacomm/handler/pdp_update_message_handler.go:169.76,172.5 2 1
policy-opa-pdp/pkg/kafkacomm/handler/pdp_update_message_handler.go:173.4,173.63 1 1
policy-opa-pdp/pkg/kafkacomm/handler/pdp_update_message_handler.go:174.9,174.54 1 1
policy-opa-pdp/pkg/kafkacomm/handler/pdp_update_message_handler.go:174.54,178.76 2 1
policy-opa-pdp/pkg/kafkacomm/handler/pdp_update_message_handler.go:178.76,181.5 2 1
policy-opa-pdp/pkg/kafkacomm/handler/pdp_update_message_handler.go:182.4,182.65 1 1
policy-opa-pdp/pkg/kafkacomm/handler/pdp_update_message_handler.go:183.9,185.93 1 1
policy-opa-pdp/pkg/kafkacomm/handler/pdp_update_message_handler.go:185.93,188.5 2 1
policy-opa-pdp/pkg/kafkacomm/handler/pdp_update_message_handler.go:192.2,192.12 1 1
policy-opa-pdp/pkg/kafkacomm/handler/pdp_update_undeploy_policy.go:64.104,71.16 4 1
policy-opa-pdp/pkg/kafkacomm/handler/pdp_update_undeploy_policy.go:71.16,73.3 1 1
policy-opa-pdp/pkg/kafkacomm/handler/pdp_update_undeploy_policy.go:75.2,75.58 1 1
policy-opa-pdp/pkg/kafkacomm/handler/pdp_update_undeploy_policy.go:75.58,78.27 2 1
policy-opa-pdp/pkg/kafkacomm/handler/pdp_update_undeploy_policy.go:78.27,81.21 2 0
policy-opa-pdp/pkg/kafkacomm/handler/pdp_update_undeploy_policy.go:81.21,85.5 3 0
policy-opa-pdp/pkg/kafkacomm/handler/pdp_update_undeploy_policy.go:86.4,87.18 2 0
policy-opa-pdp/pkg/kafkacomm/handler/pdp_update_undeploy_policy.go:87.18,90.5 2 0
policy-opa-pdp/pkg/kafkacomm/handler/pdp_update_undeploy_policy.go:91.4,93.60 3 0
policy-opa-pdp/pkg/kafkacomm/handler/pdp_update_undeploy_policy.go:94.9,97.12 2 1
policy-opa-pdp/pkg/kafkacomm/handler/pdp_update_undeploy_policy.go:101.2,104.56 3 1
policy-opa-pdp/pkg/kafkacomm/handler/pdp_update_undeploy_policy.go:107.117,117.2 3 1
policy-opa-pdp/pkg/kafkacomm/handler/pdp_update_undeploy_policy.go:120.91,122.34 2 1
policy-opa-pdp/pkg/kafkacomm/handler/pdp_update_undeploy_policy.go:122.34,125.3 2 1
policy-opa-pdp/pkg/kafkacomm/handler/pdp_update_undeploy_policy.go:126.2,126.31 1 1
policy-opa-pdp/pkg/kafkacomm/handler/pdp_update_undeploy_policy.go:130.71,142.2 6 1
policy-opa-pdp/pkg/kafkacomm/handler/pdp_update_undeploy_policy.go:145.70,148.56 2 1
policy-opa-pdp/pkg/kafkacomm/handler/pdp_update_undeploy_policy.go:148.56,149.36 1 1
policy-opa-pdp/pkg/kafkacomm/handler/pdp_update_undeploy_policy.go:149.36,152.75 3 1
policy-opa-pdp/pkg/kafkacomm/handler/pdp_update_undeploy_policy.go:152.75,154.13 2 1
policy-opa-pdp/pkg/kafkacomm/handler/pdp_update_undeploy_policy.go:156.4,156.59 1 1
policy-opa-pdp/pkg/kafkacomm/handler/pdp_update_undeploy_policy.go:156.59,158.5 1 0
policy-opa-pdp/pkg/kafkacomm/handler/pdp_update_undeploy_policy.go:160.8,162.3 1 0
policy-opa-pdp/pkg/kafkacomm/handler/pdp_update_undeploy_policy.go:164.2,164.24 1 1
policy-opa-pdp/pkg/kafkacomm/handler/pdp_update_undeploy_policy.go:168.72,171.60 2 1
policy-opa-pdp/pkg/kafkacomm/handler/pdp_update_undeploy_policy.go:171.60,172.40 1 1
policy-opa-pdp/pkg/kafkacomm/handler/pdp_update_undeploy_policy.go:172.40,174.88 2 1
policy-opa-pdp/pkg/kafkacomm/handler/pdp_update_undeploy_policy.go:174.88,176.13 2 1
policy-opa-pdp/pkg/kafkacomm/handler/pdp_update_undeploy_policy.go:178.4,178.61 1 1
policy-opa-pdp/pkg/kafkacomm/handler/pdp_update_undeploy_policy.go:178.61,180.5 1 0
policy-opa-pdp/pkg/kafkacomm/handler/pdp_update_undeploy_policy.go:182.8,184.3 1 0
policy-opa-pdp/pkg/kafkacomm/handler/pdp_update_undeploy_policy.go:186.2,186.24 1 1
policy-opa-pdp/pkg/kafkacomm/handler/pdp_update_undeploy_policy.go:190.48,193.54 3 1
policy-opa-pdp/pkg/kafkacomm/handler/pdp_update_undeploy_policy.go:193.54,195.3 1 1
policy-opa-pdp/pkg/kafkacomm/handler/pdp_update_undeploy_policy.go:196.2,196.12 1 1
policy-opa-pdp/pkg/kafkacomm/handler/pdp_update_undeploy_policy.go:200.52,203.56 3 1
policy-opa-pdp/pkg/kafkacomm/handler/pdp_update_undeploy_policy.go:203.56,205.3 1 1
policy-opa-pdp/pkg/kafkacomm/handler/pdp_update_undeploy_policy.go:206.2,206.12 1 1
policy-opa-pdp/pkg/kafkacomm/handler/pdp_update_undeploy_policy.go:210.123,211.42 1 1
policy-opa-pdp/pkg/kafkacomm/handler/pdp_update_undeploy_policy.go:211.42,217.70 3 1
policy-opa-pdp/pkg/kafkacomm/handler/pdp_update_undeploy_policy.go:217.70,219.4 1 1
policy-opa-pdp/pkg/kafkacomm/handler/pdp_update_undeploy_policy.go:221.2,221.12 1 1
policy-opa-pdp/pkg/kafkacomm/mocks/kafkaconsumerinterface.go:19.49,22.19 2 0
policy-opa-pdp/pkg/kafkacomm/mocks/kafkaconsumerinterface.go:22.19,23.47 1 0
policy-opa-pdp/pkg/kafkacomm/mocks/kafkaconsumerinterface.go:26.2,27.45 2 0
policy-opa-pdp/pkg/kafkacomm/mocks/kafkaconsumerinterface.go:27.45,29.3 1 0
policy-opa-pdp/pkg/kafkacomm/mocks/kafkaconsumerinterface.go:29.8,31.3 1 0
policy-opa-pdp/pkg/kafkacomm/mocks/kafkaconsumerinterface.go:33.2,33.11 1 0
policy-opa-pdp/pkg/kafkacomm/mocks/kafkaconsumerinterface.go:37.94,40.19 2 1
policy-opa-pdp/pkg/kafkacomm/mocks/kafkaconsumerinterface.go:40.19,41.53 1 0
policy-opa-pdp/pkg/kafkacomm/mocks/kafkaconsumerinterface.go:44.2,46.76 3 1
policy-opa-pdp/pkg/kafkacomm/mocks/kafkaconsumerinterface.go:46.76,48.3 1 0
policy-opa-pdp/pkg/kafkacomm/mocks/kafkaconsumerinterface.go:49.2,49.67 1 1
policy-opa-pdp/pkg/kafkacomm/mocks/kafkaconsumerinterface.go:49.67,51.3 1 0
policy-opa-pdp/pkg/kafkacomm/mocks/kafkaconsumerinterface.go:51.8,52.24 1 1
policy-opa-pdp/pkg/kafkacomm/mocks/kafkaconsumerinterface.go:52.24,54.4 1 1
policy-opa-pdp/pkg/kafkacomm/mocks/kafkaconsumerinterface.go:57.2,57.58 1 1
policy-opa-pdp/pkg/kafkacomm/mocks/kafkaconsumerinterface.go:57.58,59.3 1 0
policy-opa-pdp/pkg/kafkacomm/mocks/kafkaconsumerinterface.go:59.8,61.3 1 1
policy-opa-pdp/pkg/kafkacomm/mocks/kafkaconsumerinterface.go:63.2,63.15 1 1
policy-opa-pdp/pkg/kafkacomm/mocks/kafkaconsumerinterface.go:67.55,70.19 2 0
policy-opa-pdp/pkg/kafkacomm/mocks/kafkaconsumerinterface.go:70.19,71.53 1 0
policy-opa-pdp/pkg/kafkacomm/mocks/kafkaconsumerinterface.go:74.2,75.45 2 0
policy-opa-pdp/pkg/kafkacomm/mocks/kafkaconsumerinterface.go:75.45,77.3 1 0
policy-opa-pdp/pkg/kafkacomm/mocks/kafkaconsumerinterface.go:77.8,79.3 1 0
policy-opa-pdp/pkg/kafkacomm/mocks/kafkaconsumerinterface.go:81.2,81.11 1 0
policy-opa-pdp/pkg/kafkacomm/mocks/kafkaconsumerinterface.go:89.28,93.19 3 0
policy-opa-pdp/pkg/kafkacomm/mocks/kafkaconsumerinterface.go:93.19,93.49 1 0
policy-opa-pdp/pkg/kafkacomm/mocks/kafkaconsumerinterface.go:95.2,95.13 1 0
policy-opa-pdp/pkg/kafkacomm/mocks/kafkaproducerinterface.go:17.43,19.2 1 0
policy-opa-pdp/pkg/kafkacomm/mocks/kafkaproducerinterface.go:22.58,25.19 2 0
policy-opa-pdp/pkg/kafkacomm/mocks/kafkaproducerinterface.go:25.19,26.47 1 0
policy-opa-pdp/pkg/kafkacomm/mocks/kafkaproducerinterface.go:29.2,30.46 2 0
policy-opa-pdp/pkg/kafkacomm/mocks/kafkaproducerinterface.go:30.46,32.3 1 0
policy-opa-pdp/pkg/kafkacomm/mocks/kafkaproducerinterface.go:32.8,34.3 1 0
policy-opa-pdp/pkg/kafkacomm/mocks/kafkaproducerinterface.go:36.2,36.11 1 0
policy-opa-pdp/pkg/kafkacomm/mocks/kafkaproducerinterface.go:40.91,43.19 2 0
policy-opa-pdp/pkg/kafkacomm/mocks/kafkaproducerinterface.go:43.19,44.49 1 0
policy-opa-pdp/pkg/kafkacomm/mocks/kafkaproducerinterface.go:47.2,48.77 2 0
policy-opa-pdp/pkg/kafkacomm/mocks/kafkaproducerinterface.go:48.77,50.3 1 0
policy-opa-pdp/pkg/kafkacomm/mocks/kafkaproducerinterface.go:50.8,52.3 1 0
policy-opa-pdp/pkg/kafkacomm/mocks/kafkaproducerinterface.go:54.2,54.11 1 0
policy-opa-pdp/pkg/kafkacomm/mocks/kafkaproducerinterface.go:62.28,66.19 3 0
policy-opa-pdp/pkg/kafkacomm/mocks/kafkaproducerinterface.go:66.19,66.49 1 0
policy-opa-pdp/pkg/kafkacomm/mocks/kafkaproducerinterface.go:68.2,68.13 1 0
policy-opa-pdp/pkg/kafkacomm/publisher/mocks/PdpStatusSender.go:17.75,20.19 2 1
policy-opa-pdp/pkg/kafkacomm/publisher/mocks/PdpStatusSender.go:20.19,21.55 1 0
policy-opa-pdp/pkg/kafkacomm/publisher/mocks/PdpStatusSender.go:24.2,25.60 2 1
policy-opa-pdp/pkg/kafkacomm/publisher/mocks/PdpStatusSender.go:25.60,27.3 1 0
policy-opa-pdp/pkg/kafkacomm/publisher/mocks/PdpStatusSender.go:27.8,29.3 1 1
policy-opa-pdp/pkg/kafkacomm/publisher/mocks/PdpStatusSender.go:31.2,31.11 1 1
policy-opa-pdp/pkg/kafkacomm/publisher/mocks/PdpStatusSender.go:39.21,43.19 3 0
policy-opa-pdp/pkg/kafkacomm/publisher/mocks/PdpStatusSender.go:43.19,43.49 1 0
policy-opa-pdp/pkg/kafkacomm/publisher/mocks/PdpStatusSender.go:45.2,45.13 1 0
policy-opa-pdp/pkg/model/oapicodegen/models.go:162.86,166.2 3 0
policy-opa-pdp/pkg/model/oapicodegen/models.go:169.87,173.2 3 0
policy-opa-pdp/pkg/model/oapicodegen/models.go:176.88,178.16 2 0
policy-opa-pdp/pkg/model/oapicodegen/models.go:178.16,180.3 1 0
policy-opa-pdp/pkg/model/oapicodegen/models.go:182.2,184.12 3 0
policy-opa-pdp/pkg/model/oapicodegen/models.go:188.86,192.2 3 0
policy-opa-pdp/pkg/model/oapicodegen/models.go:195.87,199.2 3 0
policy-opa-pdp/pkg/model/oapicodegen/models.go:202.88,204.16 2 0
policy-opa-pdp/pkg/model/oapicodegen/models.go:204.16,206.3 1 0
policy-opa-pdp/pkg/model/oapicodegen/models.go:208.2,210.12 3 0
policy-opa-pdp/pkg/model/oapicodegen/models.go:213.61,216.2 2 0
policy-opa-pdp/pkg/model/oapicodegen/models.go:218.62,221.2 2 0
policy-opa-pdp/pkg/pdpstate/pdpstate.go:33.41,35.16 2 1
policy-opa-pdp/pkg/pdpstate/pdpstate.go:35.16,37.3 1 1
policy-opa-pdp/pkg/pdpstate/pdpstate.go:39.2,40.12 2 1
policy-opa-pdp/pkg/pdpstate/pdpstate.go:44.32,46.2 1 1
policy-opa-pdp/pkg/pdpattributes/pdpattributes.go:35.13,38.2 2 1
policy-opa-pdp/pkg/pdpattributes/pdpattributes.go:41.37,43.2 1 1
policy-opa-pdp/pkg/pdpattributes/pdpattributes.go:46.41,48.2 1 1
policy-opa-pdp/pkg/pdpattributes/pdpattributes.go:51.30,53.2 1 1
policy-opa-pdp/pkg/pdpattributes/pdpattributes.go:56.58,58.2 1 1
policy-opa-pdp/pkg/pdpattributes/pdpattributes.go:61.38,64.2 1 1
policy-opa-pdp/pkg/model/oapicodegen/models.go:162.86,166.2 3 0
policy-opa-pdp/pkg/model/oapicodegen/models.go:169.87,173.2 3 0
policy-opa-pdp/pkg/model/oapicodegen/models.go:176.88,178.16 2 0
policy-opa-pdp/pkg/model/oapicodegen/models.go:178.16,180.3 1 0
policy-opa-pdp/pkg/model/oapicodegen/models.go:182.2,184.12 3 0
policy-opa-pdp/pkg/model/oapicodegen/models.go:188.86,192.2 3 0
policy-opa-pdp/pkg/model/oapicodegen/models.go:195.87,199.2 3 0
policy-opa-pdp/pkg/model/oapicodegen/models.go:202.88,204.16 2 0
policy-opa-pdp/pkg/model/oapicodegen/models.go:204.16,206.3 1 0
policy-opa-pdp/pkg/model/oapicodegen/models.go:208.2,210.12 3 0
policy-opa-pdp/pkg/model/oapicodegen/models.go:213.61,216.2 2 1
policy-opa-pdp/pkg/model/oapicodegen/models.go:218.62,221.2 2 1
policy-opa-pdp/pkg/opasdk/opasdk.go:67.70,69.16 2 1
policy-opa-pdp/pkg/opasdk/opasdk.go:69.16,71.3 1 1
policy-opa-pdp/pkg/opasdk/opasdk.go:72.2,75.16 3 1
policy-opa-pdp/pkg/opasdk/opasdk.go:75.16,77.3 1 1
policy-opa-pdp/pkg/opasdk/opasdk.go:79.2,80.24 2 1
policy-opa-pdp/pkg/opasdk/opasdk.go:88.50,91.17 3 1
policy-opa-pdp/pkg/opasdk/opasdk.go:91.17,99.20 4 1
policy-opa-pdp/pkg/opasdk/opasdk.go:99.20,103.4 3 1
policy-opa-pdp/pkg/opasdk/opasdk.go:103.9,105.22 2 1
policy-opa-pdp/pkg/opasdk/opasdk.go:105.22,109.5 3 1
policy-opa-pdp/pkg/opasdk/opasdk.go:110.4,115.18 3 0
policy-opa-pdp/pkg/opasdk/opasdk.go:115.18,117.5 1 0
policy-opa-pdp/pkg/opasdk/opasdk.go:120.2,120.25 1 1
policy-opa-pdp/pkg/opasdk/opasdk.go:123.85,125.16 2 1
policy-opa-pdp/pkg/opasdk/opasdk.go:125.16,129.3 3 1
policy-opa-pdp/pkg/opasdk/opasdk.go:130.2,131.16 2 1
policy-opa-pdp/pkg/opasdk/opasdk.go:131.16,135.3 3 1
policy-opa-pdp/pkg/opasdk/opasdk.go:136.2,137.16 2 1
policy-opa-pdp/pkg/opasdk/opasdk.go:137.16,141.3 3 1
policy-opa-pdp/pkg/opasdk/opasdk.go:142.2,142.12 1 1
policy-opa-pdp/pkg/opasdk/opasdk.go:145.63,147.16 2 1
policy-opa-pdp/pkg/opasdk/opasdk.go:147.16,151.3 3 1
policy-opa-pdp/pkg/opasdk/opasdk.go:152.2,153.16 2 1
policy-opa-pdp/pkg/opasdk/opasdk.go:153.16,157.3 3 1
policy-opa-pdp/pkg/opasdk/opasdk.go:158.2,159.16 2 1
policy-opa-pdp/pkg/opasdk/opasdk.go:159.16,163.3 3 1
policy-opa-pdp/pkg/opasdk/opasdk.go:164.2,164.12 1 1
policy-opa-pdp/pkg/opasdk/opasdk.go:167.78,169.16 2 1
policy-opa-pdp/pkg/opasdk/opasdk.go:169.16,173.3 3 1
policy-opa-pdp/pkg/opasdk/opasdk.go:176.2,177.16 2 1
policy-opa-pdp/pkg/opasdk/opasdk.go:177.16,182.3 4 1
policy-opa-pdp/pkg/opasdk/opasdk.go:184.2,185.16 2 1
policy-opa-pdp/pkg/opasdk/opasdk.go:185.16,189.3 3 1
policy-opa-pdp/pkg/opasdk/opasdk.go:190.2,191.16 2 1
policy-opa-pdp/pkg/opasdk/opasdk.go:191.16,195.3 3 1
policy-opa-pdp/pkg/opasdk/opasdk.go:196.2,196.12 1 1
policy-opa-pdp/pkg/opasdk/opasdk.go:200.61,202.16 2 1
policy-opa-pdp/pkg/opasdk/opasdk.go:202.16,206.3 3 1
policy-opa-pdp/pkg/opasdk/opasdk.go:207.2,208.16 2 1
policy-opa-pdp/pkg/opasdk/opasdk.go:208.16,212.3 3 1
policy-opa-pdp/pkg/opasdk/opasdk.go:213.2,214.16 2 1
policy-opa-pdp/pkg/opasdk/opasdk.go:214.16,218.3 3 1
policy-opa-pdp/pkg/opasdk/opasdk.go:219.2,219.12 1 1
policy-opa-pdp/pkg/opasdk/opasdk.go:223.63,226.16 3 1
policy-opa-pdp/pkg/opasdk/opasdk.go:226.16,231.3 4 1
policy-opa-pdp/pkg/opasdk/opasdk.go:232.2,233.16 2 1
policy-opa-pdp/pkg/opasdk/opasdk.go:233.16,238.3 4 1
policy-opa-pdp/pkg/opasdk/opasdk.go:240.2,240.36 1 1
policy-opa-pdp/pkg/opasdk/opasdk.go:240.36,243.17 3 1
policy-opa-pdp/pkg/opasdk/opasdk.go:243.17,248.4 4 0
policy-opa-pdp/pkg/opasdk/opasdk.go:249.3,249.53 1 1
policy-opa-pdp/pkg/opasdk/opasdk.go:251.2,253.59 3 1
policy-opa-pdp/pkg/opasdk/opasdk.go:253.59,255.3 1 0
policy-opa-pdp/pkg/opasdk/opasdk.go:258.86,260.38 2 1
policy-opa-pdp/pkg/opasdk/opasdk.go:260.38,263.44 3 1
policy-opa-pdp/pkg/opasdk/opasdk.go:263.44,267.18 3 0
policy-opa-pdp/pkg/opasdk/opasdk.go:267.18,270.5 2 0
policy-opa-pdp/pkg/opasdk/opasdk.go:271.9,271.24 1 1
policy-opa-pdp/pkg/opasdk/opasdk.go:271.24,274.4 2 1
policy-opa-pdp/pkg/opasdk/opasdk.go:276.2,276.12 1 1
policy-opa-pdp/pkg/opasdk/opasdk.go:279.64,281.16 2 1
policy-opa-pdp/pkg/opasdk/opasdk.go:281.16,285.3 3 1
policy-opa-pdp/pkg/opasdk/opasdk.go:287.2,287.32 1 1
policy-opa-pdp/pkg/opasdk/opasdk.go:287.32,290.17 3 1
policy-opa-pdp/pkg/opasdk/opasdk.go:290.17,294.4 3 1
policy-opa-pdp/pkg/opasdk/opasdk.go:298.2,302.22 3 1
policy-opa-pdp/pkg/opasdk/opasdk.go:302.22,306.3 3 0
policy-opa-pdp/pkg/opasdk/opasdk.go:306.8,308.3 1 1
policy-opa-pdp/pkg/opasdk/opasdk.go:310.2,311.16 2 1
policy-opa-pdp/pkg/opasdk/opasdk.go:311.16,315.3 3 1
policy-opa-pdp/pkg/opasdk/opasdk.go:316.2,316.12 1 1
policy-opa-pdp/pkg/opasdk/opasdk.go:319.108,326.16 5 1
policy-opa-pdp/pkg/opasdk/opasdk.go:326.16,329.3 2 1
policy-opa-pdp/pkg/opasdk/opasdk.go:331.2,332.16 2 1
policy-opa-pdp/pkg/opasdk/opasdk.go:332.16,335.3 2 1
policy-opa-pdp/pkg/opasdk/opasdk.go:337.2,342.16 4 1
policy-opa-pdp/pkg/opasdk/opasdk.go:342.16,345.3 2 0
policy-opa-pdp/pkg/opasdk/opasdk.go:347.2,347.22 1 1
policy-opa-pdp/pkg/opasdk/opasdk.go:350.69,352.9 2 1
policy-opa-pdp/pkg/opasdk/opasdk.go:352.9,354.3 1 1
policy-opa-pdp/pkg/opasdk/opasdk.go:355.2,355.22 1 1
policy-opa-pdp/pkg/opasdk/opasdk.go:355.22,374.3 2 1
policy-opa-pdp/pkg/opasdk/opasdk.go:376.2,376.8 1 1
policy-opa-pdp/pkg/policymap/policy_and_data_map.go:33.88,42.16 3 1
policy-opa-pdp/pkg/policymap/policy_and_data_map.go:42.16,44.3 1 1
policy-opa-pdp/pkg/policymap/policy_and_data_map.go:47.2,50.34 3 1
policy-opa-pdp/pkg/policymap/policy_and_data_map.go:53.64,56.16 2 1
policy-opa-pdp/pkg/policymap/policy_and_data_map.go:56.16,58.3 1 1
policy-opa-pdp/pkg/policymap/policy_and_data_map.go:60.2,60.31 1 1
policy-opa-pdp/pkg/policymap/policy_and_data_map.go:63.99,64.36 1 1
policy-opa-pdp/pkg/policymap/policy_and_data_map.go:64.36,66.3 1 1
policy-opa-pdp/pkg/policymap/policy_and_data_map.go:68.2,73.16 3 1
policy-opa-pdp/pkg/policymap/policy_and_data_map.go:73.16,75.3 1 1
policy-opa-pdp/pkg/policymap/policy_and_data_map.go:77.2,77.46 1 1
policy-opa-pdp/pkg/policymap/policy_and_data_map.go:80.76,84.16 2 1
policy-opa-pdp/pkg/policymap/policy_and_data_map.go:84.16,86.3 1 1
policy-opa-pdp/pkg/policymap/policy_and_data_map.go:88.2,91.42 3 1
policy-opa-pdp/pkg/policymap/policy_and_data_map.go:91.42,93.3 1 1
policy-opa-pdp/pkg/policymap/policy_and_data_map.go:95.2,95.44 1 1
policy-opa-pdp/pkg/policymap/policy_and_data_map.go:95.44,97.3 1 1
policy-opa-pdp/pkg/policymap/policy_and_data_map.go:99.2,106.49 3 1
policy-opa-pdp/pkg/policymap/policy_and_data_map.go:109.95,113.16 2 1
policy-opa-pdp/pkg/policymap/policy_and_data_map.go:113.16,115.3 1 1
policy-opa-pdp/pkg/policymap/policy_and_data_map.go:117.2,119.42 2 1
policy-opa-pdp/pkg/policymap/policy_and_data_map.go:119.42,121.125 2 1
policy-opa-pdp/pkg/policymap/policy_and_data_map.go:121.125,123.4 1 1
policy-opa-pdp/pkg/policymap/policy_and_data_map.go:124.3,124.19 1 1
policy-opa-pdp/pkg/policymap/policy_and_data_map.go:124.19,126.4 1 1
policy-opa-pdp/pkg/policymap/policy_and_data_map.go:129.2,129.50 1 1
policy-opa-pdp/pkg/policymap/policy_and_data_map.go:132.121,139.16 4 1
policy-opa-pdp/pkg/policymap/policy_and_data_map.go:139.16,142.3 2 1
policy-opa-pdp/pkg/policymap/policy_and_data_map.go:144.2,147.65 3 1
policy-opa-pdp/pkg/policymap/policy_and_data_map.go:147.65,149.51 2 1
policy-opa-pdp/pkg/policymap/policy_and_data_map.go:149.51,150.122 1 1
policy-opa-pdp/pkg/policymap/policy_and_data_map.go:150.122,153.10 3 1
policy-opa-pdp/pkg/policymap/policy_and_data_map.go:157.3,157.19 1 1
policy-opa-pdp/pkg/policymap/policy_and_data_map.go:157.19,160.4 2 1
policy-opa-pdp/pkg/policymap/policy_and_data_map.go:163.2,163.29 1 1
policy-opa-pdp/pkg/policymap/policy_and_data_map.go:167.81,171.16 2 1
policy-opa-pdp/pkg/policymap/policy_and_data_map.go:171.16,173.3 1 1
policy-opa-pdp/pkg/policymap/policy_and_data_map.go:175.2,179.42 2 1
policy-opa-pdp/pkg/policymap/policy_and_data_map.go:179.42,184.26 3 1
policy-opa-pdp/pkg/policymap/policy_and_data_map.go:184.26,187.4 2 1
policy-opa-pdp/pkg/policymap/policy_and_data_map.go:188.3,192.57 2 1
policy-opa-pdp/pkg/policymap/policy_and_data_map.go:194.2,194.27 1 1
policy-opa-pdp/pkg/policymap/policy_and_data_map.go:197.55,198.35 1 1
policy-opa-pdp/pkg/policymap/policy_and_data_map.go:198.35,201.17 2 1
policy-opa-pdp/pkg/policymap/policy_and_data_map.go:201.17,203.4 1 1
policy-opa-pdp/pkg/policymap/policy_and_data_map.go:205.3,207.43 2 1
policy-opa-pdp/pkg/policymap/policy_and_data_map.go:207.43,208.39 1 1
policy-opa-pdp/pkg/policymap/policy_and_data_map.go:208.39,210.5 1 1
policy-opa-pdp/pkg/policymap/policy_and_data_map.go:213.2,213.14 1 1
policy-opa-pdp/pkg/policymap/policy_and_data_map.go:216.49,218.16 2 1
policy-opa-pdp/pkg/policymap/policy_and_data_map.go:218.16,221.3 2 1
policy-opa-pdp/pkg/policymap/policy_and_data_map.go:222.2,222.30 1 1
policy-opa-pdp/pkg/utils/utils.go:45.33,48.2 2 1
policy-opa-pdp/pkg/utils/utils.go:51.44,53.16 2 1
policy-opa-pdp/pkg/utils/utils.go:53.16,56.3 2 1
policy-opa-pdp/pkg/utils/utils.go:57.2,58.12 2 1
policy-opa-pdp/pkg/utils/utils.go:62.44,65.16 2 1
policy-opa-pdp/pkg/utils/utils.go:65.16,66.25 1 1
policy-opa-pdp/pkg/utils/utils.go:66.25,70.4 2 1
policy-opa-pdp/pkg/utils/utils.go:71.3,71.57 1 1
policy-opa-pdp/pkg/utils/utils.go:74.2,74.32 1 1
policy-opa-pdp/pkg/utils/utils.go:74.32,77.20 2 1
policy-opa-pdp/pkg/utils/utils.go:77.20,80.18 2 1
policy-opa-pdp/pkg/utils/utils.go:80.18,82.5 1 0
policy-opa-pdp/pkg/utils/utils.go:83.4,83.15 1 1
policy-opa-pdp/pkg/utils/utils.go:83.15,85.51 2 1
policy-opa-pdp/pkg/utils/utils.go:85.51,87.6 1 0
policy-opa-pdp/pkg/utils/utils.go:89.9,91.68 1 1
policy-opa-pdp/pkg/utils/utils.go:91.68,93.48 2 1
policy-opa-pdp/pkg/utils/utils.go:93.48,95.6 1 0
policy-opa-pdp/pkg/utils/utils.go:100.2,100.12 1 1
policy-opa-pdp/pkg/utils/utils.go:104.47,106.16 2 1
policy-opa-pdp/pkg/utils/utils.go:106.16,108.3 1 1
policy-opa-pdp/pkg/utils/utils.go:109.2,109.31 1 1
policy-opa-pdp/pkg/utils/utils.go:112.61,117.16 3 1
policy-opa-pdp/pkg/utils/utils.go:117.16,118.56 1 1
policy-opa-pdp/pkg/utils/utils.go:118.56,120.4 1 1
policy-opa-pdp/pkg/utils/utils.go:121.3,121.13 1 1
policy-opa-pdp/pkg/utils/utils.go:123.2,123.12 1 1
policy-opa-pdp/pkg/utils/utils.go:127.68,130.45 2 1
policy-opa-pdp/pkg/utils/utils.go:130.45,132.3 1 1
policy-opa-pdp/pkg/utils/utils.go:133.2,133.53 1 1
policy-opa-pdp/pkg/utils/utils.go:133.53,135.3 1 1
policy-opa-pdp/pkg/utils/utils.go:137.2,137.35 1 1
policy-opa-pdp/pkg/utils/utils.go:137.35,140.43 2 1
policy-opa-pdp/pkg/utils/utils.go:140.43,141.20 1 1
policy-opa-pdp/pkg/utils/utils.go:141.20,143.5 1 0
policy-opa-pdp/pkg/utils/utils.go:144.4,145.54 2 1
policy-opa-pdp/pkg/utils/utils.go:145.54,147.5 1 1
policy-opa-pdp/pkg/utils/utils.go:150.2,151.44 2 1
policy-opa-pdp/pkg/utils/utils.go:151.44,152.19 1 1
policy-opa-pdp/pkg/utils/utils.go:152.19,154.4 1 0
policy-opa-pdp/pkg/utils/utils.go:155.3,156.43 2 1
policy-opa-pdp/pkg/utils/utils.go:156.43,158.4 1 0
policy-opa-pdp/pkg/utils/utils.go:161.2,161.12 1 1
policy-opa-pdp/pkg/utils/utils.go:164.109,168.20 2 1
policy-opa-pdp/pkg/utils/utils.go:168.20,170.3 1 1
policy-opa-pdp/pkg/utils/utils.go:172.2,174.50 2 1
policy-opa-pdp/pkg/utils/utils.go:174.50,176.10 2 1
policy-opa-pdp/pkg/utils/utils.go:176.10,178.4 1 0
policy-opa-pdp/pkg/utils/utils.go:180.3,182.85 2 1
policy-opa-pdp/pkg/utils/utils.go:182.85,184.4 1 1
policy-opa-pdp/pkg/utils/utils.go:186.3,186.84 1 1
policy-opa-pdp/pkg/utils/utils.go:186.84,189.4 1 1
policy-opa-pdp/pkg/utils/utils.go:193.2,193.18 1 1
policy-opa-pdp/pkg/utils/utils.go:196.99,199.69 1 1
policy-opa-pdp/pkg/utils/utils.go:199.69,200.53 1 1
policy-opa-pdp/pkg/utils/utils.go:200.53,201.96 1 1
policy-opa-pdp/pkg/utils/utils.go:201.96,203.5 1 1
policy-opa-pdp/pkg/utils/utils.go:205.3,205.14 1 1
policy-opa-pdp/pkg/utils/utils.go:209.2,209.14 1 1
policy-opa-pdp/pkg/utils/utils.go:212.98,215.69 1 1
policy-opa-pdp/pkg/utils/utils.go:215.69,216.63 1 1
policy-opa-pdp/pkg/utils/utils.go:216.63,217.96 1 1
policy-opa-pdp/pkg/utils/utils.go:217.96,219.5 1 1
policy-opa-pdp/pkg/utils/utils.go:221.3,221.14 1 1
policy-opa-pdp/pkg/utils/utils.go:225.2,225.14 1 1
policy-opa-pdp/pkg/utils/utils.go:229.37,230.14 1 1
policy-opa-pdp/pkg/utils/utils.go:230.14,232.3 1 1
policy-opa-pdp/pkg/utils/utils.go:234.2,237.19 3 1
policy-opa-pdp/pkg/utils/utils.go:241.45,242.55 1 1
policy-opa-pdp/pkg/utils/utils.go:242.55,244.3 1 1
policy-opa-pdp/pkg/utils/utils.go:245.2,246.32 2 1
policy-opa-pdp/pkg/utils/utils.go:250.41,251.51 1 1
policy-opa-pdp/pkg/utils/utils.go:251.51,253.3 1 1
policy-opa-pdp/pkg/utils/utils.go:254.2,255.16 2 1
policy-opa-pdp/pkg/utils/utils.go:255.16,257.3 1 1
policy-opa-pdp/pkg/utils/utils.go:258.2,259.30 2 1
policy-opa-pdp/pkg/utils/utils.go:263.55,264.36 1 1
policy-opa-pdp/pkg/utils/utils.go:264.36,266.3 1 1
policy-opa-pdp/pkg/utils/utils.go:266.8,268.3 1 1
policy-opa-pdp/pkg/utils/utils.go:272.51,273.65 1 1
policy-opa-pdp/pkg/utils/utils.go:273.65,275.3 1 1
policy-opa-pdp/pkg/utils/utils.go:276.2,277.37 2 1
policy-opa-pdp/pkg/utils/utils.go:281.51,282.65 1 1
policy-opa-pdp/pkg/utils/utils.go:282.65,284.3 1 1
policy-opa-pdp/pkg/utils/utils.go:285.2,286.37 2 1
policy-opa-pdp/pkg/utils/utils.go:290.39,291.51 1 1
policy-opa-pdp/pkg/utils/utils.go:291.51,293.3 1 1
policy-opa-pdp/pkg/utils/utils.go:293.8,295.3 1 1
policy-opa-pdp/cmd/opa-pdp/opa-pdp.go:63.13,71.67 5 1
policy-opa-pdp/cmd/opa-pdp/opa-pdp.go:71.67,74.3 2 1
policy-opa-pdp/cmd/opa-pdp/opa-pdp.go:77.2,86.44 5 1
policy-opa-pdp/cmd/opa-pdp/opa-pdp.go:86.44,89.3 2 1
policy-opa-pdp/cmd/opa-pdp/opa-pdp.go:92.2,93.29 2 1
policy-opa-pdp/cmd/opa-pdp/opa-pdp.go:93.29,95.3 1 1
policy-opa-pdp/cmd/opa-pdp/opa-pdp.go:96.2,105.19 5 1
policy-opa-pdp/cmd/opa-pdp/opa-pdp.go:105.19,107.3 1 1
policy-opa-pdp/cmd/opa-pdp/opa-pdp.go:109.2,114.60 5 0
policy-opa-pdp/cmd/opa-pdp/opa-pdp.go:122.110,124.12 1 1
policy-opa-pdp/cmd/opa-pdp/opa-pdp.go:124.12,126.17 2 1
policy-opa-pdp/cmd/opa-pdp/opa-pdp.go:126.17,128.4 1 1
policy-opa-pdp/cmd/opa-pdp/opa-pdp.go:133.57,134.65 1 1
policy-opa-pdp/cmd/opa-pdp/opa-pdp.go:134.65,137.3 2 1
policy-opa-pdp/cmd/opa-pdp/opa-pdp.go:138.2,139.13 2 1
policy-opa-pdp/cmd/opa-pdp/opa-pdp.go:143.27,145.2 1 1
policy-opa-pdp/cmd/opa-pdp/opa-pdp.go:148.82,150.2 1 1
policy-opa-pdp/cmd/opa-pdp/opa-pdp.go:152.37,155.12 2 1
policy-opa-pdp/cmd/opa-pdp/opa-pdp.go:155.12,156.80 1 1
policy-opa-pdp/cmd/opa-pdp/opa-pdp.go:156.80,158.4 1 1
policy-opa-pdp/cmd/opa-pdp/opa-pdp.go:160.2,160.15 1 1
policy-opa-pdp/cmd/opa-pdp/opa-pdp.go:167.46,171.61 3 1
policy-opa-pdp/cmd/opa-pdp/opa-pdp.go:171.61,173.3 1 1
policy-opa-pdp/cmd/opa-pdp/opa-pdp.go:173.8,175.3 1 1
policy-opa-pdp/cmd/opa-pdp/opa-pdp.go:178.22,180.2 1 1
policy-opa-pdp/cmd/opa-pdp/opa-pdp.go:182.28,184.16 2 1
policy-opa-pdp/cmd/opa-pdp/opa-pdp.go:184.16,186.3 1 1
policy-opa-pdp/cmd/opa-pdp/opa-pdp.go:187.2,188.12 2 0
policy-opa-pdp/cmd/opa-pdp/opa-pdp.go:199.90,201.16 2 1
policy-opa-pdp/cmd/opa-pdp/opa-pdp.go:201.16,204.3 2 1
policy-opa-pdp/cmd/opa-pdp/opa-pdp.go:205.2,206.16 2 1
policy-opa-pdp/cmd/opa-pdp/opa-pdp.go:206.16,209.3 2 1
policy-opa-pdp/cmd/opa-pdp/opa-pdp.go:210.2,210.26 1 1
policy-opa-pdp/cmd/opa-pdp/opa-pdp.go:213.145,216.6 1 1
policy-opa-pdp/cmd/opa-pdp/opa-pdp.go:216.6,217.10 1 1
policy-opa-pdp/cmd/opa-pdp/opa-pdp.go:218.27,220.16 2 1
policy-opa-pdp/cmd/opa-pdp/opa-pdp.go:223.2,229.15 6 1
policy-opa-pdp/cmd/opa-pdp/opa-pdp.go:229.15,232.3 2 1
policy-opa-pdp/cmd/opa-pdp/opa-pdp.go:234.2,234.50 1 1
policy-opa-pdp/cmd/opa-pdp/opa-pdp.go:234.50,236.3 1 1
policy-opa-pdp/cmd/opa-pdp/opa-pdp.go:236.8,238.3 1 1
policy-opa-pdp/cmd/opa-pdp/opa-pdp.go:239.2,239.44 1 1
policy-opa-pdp/cmd/opa-pdp/opa-pdp.go:239.44,241.3 1 1
policy-opa-pdp/cmd/opa-pdp/opa-pdp.go:241.8,243.3 1 1
policy-opa-pdp/cmd/opa-pdp/opa-pdp.go:245.2,247.68 2 1
policy-opa-pdp/pkg/kafkacomm/mocks/kafkaconsumerinterface.go:19.49,22.19 2 1
policy-opa-pdp/pkg/kafkacomm/mocks/kafkaconsumerinterface.go:22.19,23.47 1 0
policy-opa-pdp/pkg/kafkacomm/mocks/kafkaconsumerinterface.go:26.2,27.45 2 1
policy-opa-pdp/pkg/kafkacomm/mocks/kafkaconsumerinterface.go:27.45,29.3 1 0
policy-opa-pdp/pkg/kafkacomm/mocks/kafkaconsumerinterface.go:29.8,31.3 1 1
policy-opa-pdp/pkg/kafkacomm/mocks/kafkaconsumerinterface.go:33.2,33.11 1 1
policy-opa-pdp/pkg/kafkacomm/mocks/kafkaconsumerinterface.go:37.94,40.19 2 1
policy-opa-pdp/pkg/kafkacomm/mocks/kafkaconsumerinterface.go:40.19,41.53 1 0
policy-opa-pdp/pkg/kafkacomm/mocks/kafkaconsumerinterface.go:44.2,46.76 3 1
policy-opa-pdp/pkg/kafkacomm/mocks/kafkaconsumerinterface.go:46.76,48.3 1 0
policy-opa-pdp/pkg/kafkacomm/mocks/kafkaconsumerinterface.go:49.2,49.67 1 1
policy-opa-pdp/pkg/kafkacomm/mocks/kafkaconsumerinterface.go:49.67,51.3 1 0
policy-opa-pdp/pkg/kafkacomm/mocks/kafkaconsumerinterface.go:51.8,52.24 1 1
policy-opa-pdp/pkg/kafkacomm/mocks/kafkaconsumerinterface.go:52.24,54.4 1 1
policy-opa-pdp/pkg/kafkacomm/mocks/kafkaconsumerinterface.go:57.2,57.58 1 1
policy-opa-pdp/pkg/kafkacomm/mocks/kafkaconsumerinterface.go:57.58,59.3 1 0
policy-opa-pdp/pkg/kafkacomm/mocks/kafkaconsumerinterface.go:59.8,61.3 1 1
policy-opa-pdp/pkg/kafkacomm/mocks/kafkaconsumerinterface.go:63.2,63.15 1 1
policy-opa-pdp/pkg/kafkacomm/mocks/kafkaconsumerinterface.go:67.55,70.19 2 1
policy-opa-pdp/pkg/kafkacomm/mocks/kafkaconsumerinterface.go:70.19,71.53 1 0
policy-opa-pdp/pkg/kafkacomm/mocks/kafkaconsumerinterface.go:74.2,75.45 2 1
policy-opa-pdp/pkg/kafkacomm/mocks/kafkaconsumerinterface.go:75.45,77.3 1 0
policy-opa-pdp/pkg/kafkacomm/mocks/kafkaconsumerinterface.go:77.8,79.3 1 1
policy-opa-pdp/pkg/kafkacomm/mocks/kafkaconsumerinterface.go:81.2,81.11 1 1
policy-opa-pdp/pkg/kafkacomm/mocks/kafkaconsumerinterface.go:89.28,93.19 3 0
policy-opa-pdp/pkg/kafkacomm/mocks/kafkaconsumerinterface.go:93.19,93.49 1 0
policy-opa-pdp/pkg/kafkacomm/mocks/kafkaconsumerinterface.go:95.2,95.13 1 0
policy-opa-pdp/pkg/kafkacomm/mocks/kafkaproducerinterface.go:17.43,19.2 1 0
policy-opa-pdp/pkg/kafkacomm/mocks/kafkaproducerinterface.go:22.58,25.19 2 0
policy-opa-pdp/pkg/kafkacomm/mocks/kafkaproducerinterface.go:25.19,26.47 1 0
policy-opa-pdp/pkg/kafkacomm/mocks/kafkaproducerinterface.go:29.2,30.46 2 0
policy-opa-pdp/pkg/kafkacomm/mocks/kafkaproducerinterface.go:30.46,32.3 1 0
policy-opa-pdp/pkg/kafkacomm/mocks/kafkaproducerinterface.go:32.8,34.3 1 0
policy-opa-pdp/pkg/kafkacomm/mocks/kafkaproducerinterface.go:36.2,36.11 1 0
policy-opa-pdp/pkg/kafkacomm/mocks/kafkaproducerinterface.go:40.91,43.19 2 0
policy-opa-pdp/pkg/kafkacomm/mocks/kafkaproducerinterface.go:43.19,44.49 1 0
policy-opa-pdp/pkg/kafkacomm/mocks/kafkaproducerinterface.go:47.2,48.77 2 0
policy-opa-pdp/pkg/kafkacomm/mocks/kafkaproducerinterface.go:48.77,50.3 1 0
policy-opa-pdp/pkg/kafkacomm/mocks/kafkaproducerinterface.go:50.8,52.3 1 0
policy-opa-pdp/pkg/kafkacomm/mocks/kafkaproducerinterface.go:54.2,54.11 1 0
policy-opa-pdp/pkg/kafkacomm/mocks/kafkaproducerinterface.go:62.28,66.19 3 0
policy-opa-pdp/pkg/kafkacomm/mocks/kafkaproducerinterface.go:66.19,66.49 1 0
policy-opa-pdp/pkg/kafkacomm/mocks/kafkaproducerinterface.go:68.2,68.13 1 0
policy-opa-pdp/pkg/model/oapicodegen/models.go:162.86,166.2 3 0
policy-opa-pdp/pkg/model/oapicodegen/models.go:169.87,173.2 3 0
policy-opa-pdp/pkg/model/oapicodegen/models.go:176.88,178.16 2 0
policy-opa-pdp/pkg/model/oapicodegen/models.go:178.16,180.3 1 0
policy-opa-pdp/pkg/model/oapicodegen/models.go:182.2,184.12 3 0
policy-opa-pdp/pkg/model/oapicodegen/models.go:188.86,192.2 3 0
policy-opa-pdp/pkg/model/oapicodegen/models.go:195.87,199.2 3 0
policy-opa-pdp/pkg/model/oapicodegen/models.go:202.88,204.16 2 0
policy-opa-pdp/pkg/model/oapicodegen/models.go:204.16,206.3 1 0
policy-opa-pdp/pkg/model/oapicodegen/models.go:208.2,210.12 3 0
policy-opa-pdp/pkg/model/oapicodegen/models.go:213.61,216.2 2 0
policy-opa-pdp/pkg/model/oapicodegen/models.go:218.62,221.2 2 0
