mode: set
policy-opa-pdp/pkg/kafkacomm/handler/pdp_message_handler.go:42.24,46.2 3 1
policy-opa-pdp/pkg/kafkacomm/handler/pdp_message_handler.go:49.24,53.2 3 1
policy-opa-pdp/pkg/kafkacomm/handler/pdp_message_handler.go:63.60,65.24 1 1
policy-opa-pdp/pkg/kafkacomm/handler/pdp_message_handler.go:65.24,69.3 1 1
policy-opa-pdp/pkg/kafkacomm/handler/pdp_message_handler.go:72.2,72.28 1 1
policy-opa-pdp/pkg/kafkacomm/handler/pdp_message_handler.go:72.28,75.3 1 1
policy-opa-pdp/pkg/kafkacomm/handler/pdp_message_handler.go:77.2,77.37 1 1
policy-opa-pdp/pkg/kafkacomm/handler/pdp_message_handler.go:77.37,81.3 1 1
policy-opa-pdp/pkg/kafkacomm/handler/pdp_message_handler.go:83.2,83.41 1 1
policy-opa-pdp/pkg/kafkacomm/handler/pdp_message_handler.go:83.41,86.3 1 1
policy-opa-pdp/pkg/kafkacomm/handler/pdp_message_handler.go:88.2,88.31 1 1
policy-opa-pdp/pkg/kafkacomm/handler/pdp_message_handler.go:88.31,92.3 1 1
policy-opa-pdp/pkg/kafkacomm/handler/pdp_message_handler.go:94.2,94.57 1 1
policy-opa-pdp/pkg/kafkacomm/handler/pdp_message_handler.go:99.123,103.21 3 1
policy-opa-pdp/pkg/kafkacomm/handler/pdp_message_handler.go:103.21,104.10 1 1
policy-opa-pdp/pkg/kafkacomm/handler/pdp_message_handler.go:105.21,108.24 3 1
policy-opa-pdp/pkg/kafkacomm/handler/pdp_message_handler.go:109.11,111.18 2 1
policy-opa-pdp/pkg/kafkacomm/handler/pdp_message_handler.go:111.18,112.13 1 0
policy-opa-pdp/pkg/kafkacomm/handler/pdp_message_handler.go:114.4,116.22 2 1
policy-opa-pdp/pkg/kafkacomm/handler/pdp_message_handler.go:116.22,121.19 3 1
policy-opa-pdp/pkg/kafkacomm/handler/pdp_message_handler.go:121.19,123.14 2 1
policy-opa-pdp/pkg/kafkacomm/handler/pdp_message_handler.go:126.5,126.50 1 1
policy-opa-pdp/pkg/kafkacomm/handler/pdp_message_handler.go:126.50,129.14 2 0
policy-opa-pdp/pkg/kafkacomm/handler/pdp_message_handler.go:132.5,132.38 1 1
policy-opa-pdp/pkg/kafkacomm/handler/pdp_message_handler.go:134.23,136.20 2 1
policy-opa-pdp/pkg/kafkacomm/handler/pdp_message_handler.go:136.20,138.7 1 1
policy-opa-pdp/pkg/kafkacomm/handler/pdp_message_handler.go:140.29,142.20 2 1
policy-opa-pdp/pkg/kafkacomm/handler/pdp_message_handler.go:142.20,144.7 1 1
policy-opa-pdp/pkg/kafkacomm/handler/pdp_message_handler.go:146.23,148.14 2 1
policy-opa-pdp/pkg/kafkacomm/handler/pdp_message_handler.go:149.13,151.14 2 1
policy-opa-pdp/pkg/kafkacomm/handler/pdp_message_handler.go:159.2,159.12 1 0
policy-opa-pdp/pkg/kafkacomm/handler/pdp_state_change_handler.go:32.86,37.16 3 1
policy-opa-pdp/pkg/kafkacomm/handler/pdp_state_change_handler.go:37.16,40.3 2 1
policy-opa-pdp/pkg/kafkacomm/handler/pdp_state_change_handler.go:42.2,44.32 2 1
policy-opa-pdp/pkg/kafkacomm/handler/pdp_state_change_handler.go:44.32,47.3 1 1
policy-opa-pdp/pkg/kafkacomm/handler/pdp_state_change_handler.go:49.2,51.16 3 1
policy-opa-pdp/pkg/kafkacomm/handler/pdp_state_change_handler.go:51.16,54.3 2 1
policy-opa-pdp/pkg/kafkacomm/handler/pdp_state_change_handler.go:55.2,57.12 2 1
policy-opa-pdp/pkg/kafkacomm/handler/pdp_update_deploy_policy.go:43.63,47.16 2 1
policy-opa-pdp/pkg/kafkacomm/handler/pdp_update_deploy_policy.go:47.16,50.3 2 0
policy-opa-pdp/pkg/kafkacomm/handler/pdp_update_deploy_policy.go:52.2,53.16 2 1
policy-opa-pdp/pkg/kafkacomm/handler/pdp_update_deploy_policy.go:53.16,56.3 2 1
policy-opa-pdp/pkg/kafkacomm/handler/pdp_update_deploy_policy.go:58.2,59.16 2 0
policy-opa-pdp/pkg/kafkacomm/handler/pdp_update_deploy_policy.go:59.16,62.3 2 0
policy-opa-pdp/pkg/kafkacomm/handler/pdp_update_deploy_policy.go:64.2,65.16 2 0
policy-opa-pdp/pkg/kafkacomm/handler/pdp_update_deploy_policy.go:65.16,68.3 2 0
policy-opa-pdp/pkg/kafkacomm/handler/pdp_update_deploy_policy.go:70.2,70.12 1 0
policy-opa-pdp/pkg/kafkacomm/handler/pdp_update_deploy_policy.go:74.71,76.50 1 1
policy-opa-pdp/pkg/kafkacomm/handler/pdp_update_deploy_policy.go:76.50,80.17 3 1
policy-opa-pdp/pkg/kafkacomm/handler/pdp_update_deploy_policy.go:80.17,83.4 2 1
policy-opa-pdp/pkg/kafkacomm/handler/pdp_update_deploy_policy.go:85.3,86.17 2 0
policy-opa-pdp/pkg/kafkacomm/handler/pdp_update_deploy_policy.go:86.17,89.4 2 0
policy-opa-pdp/pkg/kafkacomm/handler/pdp_update_deploy_policy.go:90.3,90.78 1 0
policy-opa-pdp/pkg/kafkacomm/handler/pdp_update_deploy_policy.go:93.2,93.12 1 0
policy-opa-pdp/pkg/kafkacomm/handler/pdp_update_deploy_policy.go:97.65,99.44 1 0
policy-opa-pdp/pkg/kafkacomm/handler/pdp_update_deploy_policy.go:99.44,103.17 3 0
policy-opa-pdp/pkg/kafkacomm/handler/pdp_update_deploy_policy.go:103.17,106.4 2 0
policy-opa-pdp/pkg/kafkacomm/handler/pdp_update_deploy_policy.go:108.3,109.17 2 0
policy-opa-pdp/pkg/kafkacomm/handler/pdp_update_deploy_policy.go:109.17,112.4 2 0
policy-opa-pdp/pkg/kafkacomm/handler/pdp_update_deploy_policy.go:113.3,113.72 1 0
policy-opa-pdp/pkg/kafkacomm/handler/pdp_update_deploy_policy.go:116.2,116.12 1 0
policy-opa-pdp/pkg/kafkacomm/handler/pdp_update_deploy_policy.go:120.94,124.59 3 1
policy-opa-pdp/pkg/kafkacomm/handler/pdp_update_deploy_policy.go:124.59,126.17 2 1
policy-opa-pdp/pkg/kafkacomm/handler/pdp_update_deploy_policy.go:126.17,130.4 2 0
policy-opa-pdp/pkg/kafkacomm/handler/pdp_update_deploy_policy.go:132.3,137.73 4 1
policy-opa-pdp/pkg/kafkacomm/handler/pdp_update_deploy_policy.go:137.73,141.4 2 0
policy-opa-pdp/pkg/kafkacomm/handler/pdp_update_deploy_policy.go:143.3,143.76 1 1
policy-opa-pdp/pkg/kafkacomm/handler/pdp_update_deploy_policy.go:146.2,146.35 1 1
policy-opa-pdp/pkg/kafkacomm/handler/pdp_update_deploy_policy.go:150.66,153.21 2 1
policy-opa-pdp/pkg/kafkacomm/handler/pdp_update_deploy_policy.go:153.21,155.3 1 0
policy-opa-pdp/pkg/kafkacomm/handler/pdp_update_deploy_policy.go:158.2,159.49 2 1
policy-opa-pdp/pkg/kafkacomm/handler/pdp_update_deploy_policy.go:159.49,161.3 1 0
policy-opa-pdp/pkg/kafkacomm/handler/pdp_update_deploy_policy.go:164.2,169.40 3 1
policy-opa-pdp/pkg/kafkacomm/handler/pdp_update_deploy_policy.go:169.40,171.3 1 0
policy-opa-pdp/pkg/kafkacomm/handler/pdp_update_deploy_policy.go:173.2,173.12 1 1
policy-opa-pdp/pkg/kafkacomm/handler/pdp_update_deploy_policy.go:177.90,181.55 3 0
policy-opa-pdp/pkg/kafkacomm/handler/pdp_update_deploy_policy.go:181.55,183.17 2 0
policy-opa-pdp/pkg/kafkacomm/handler/pdp_update_deploy_policy.go:183.17,186.4 2 0
policy-opa-pdp/pkg/kafkacomm/handler/pdp_update_deploy_policy.go:187.3,189.57 3 0
policy-opa-pdp/pkg/kafkacomm/handler/pdp_update_deploy_policy.go:192.2,192.31 1 0
policy-opa-pdp/pkg/kafkacomm/handler/pdp_update_deploy_policy.go:196.52,201.45 2 0
policy-opa-pdp/pkg/kafkacomm/handler/pdp_update_deploy_policy.go:201.45,205.3 1 0
policy-opa-pdp/pkg/kafkacomm/handler/pdp_update_deploy_policy.go:206.2,206.47 1 0
policy-opa-pdp/pkg/kafkacomm/handler/pdp_update_deploy_policy.go:206.47,210.3 1 0
policy-opa-pdp/pkg/kafkacomm/handler/pdp_update_deploy_policy.go:212.2,212.17 1 0
policy-opa-pdp/pkg/kafkacomm/handler/pdp_update_deploy_policy.go:216.51,218.27 2 0
policy-opa-pdp/pkg/kafkacomm/handler/pdp_update_deploy_policy.go:218.27,221.17 3 0
policy-opa-pdp/pkg/kafkacomm/handler/pdp_update_deploy_policy.go:221.17,224.4 2 0
policy-opa-pdp/pkg/kafkacomm/handler/pdp_update_deploy_policy.go:227.2,227.12 1 0
policy-opa-pdp/pkg/kafkacomm/handler/pdp_update_deploy_policy.go:231.49,233.35 2 0
policy-opa-pdp/pkg/kafkacomm/handler/pdp_update_deploy_policy.go:233.35,241.17 7 0
policy-opa-pdp/pkg/kafkacomm/handler/pdp_update_deploy_policy.go:241.17,245.4 2 0
policy-opa-pdp/pkg/kafkacomm/handler/pdp_update_deploy_policy.go:246.3,248.17 3 0
policy-opa-pdp/pkg/kafkacomm/handler/pdp_update_deploy_policy.go:248.17,252.4 2 0
policy-opa-pdp/pkg/kafkacomm/handler/pdp_update_deploy_policy.go:255.2,255.12 1 0
policy-opa-pdp/pkg/kafkacomm/handler/pdp_update_deploy_policy.go:259.115,266.56 4 1
policy-opa-pdp/pkg/kafkacomm/handler/pdp_update_deploy_policy.go:266.56,270.17 2 1
policy-opa-pdp/pkg/kafkacomm/handler/pdp_update_deploy_policy.go:270.17,275.12 5 0
policy-opa-pdp/pkg/kafkacomm/handler/pdp_update_deploy_policy.go:277.3,277.20 1 1
policy-opa-pdp/pkg/kafkacomm/handler/pdp_update_deploy_policy.go:277.20,279.4 1 1
policy-opa-pdp/pkg/kafkacomm/handler/pdp_update_deploy_policy.go:281.3,281.69 1 1
policy-opa-pdp/pkg/kafkacomm/handler/pdp_update_deploy_policy.go:281.69,286.12 5 0
policy-opa-pdp/pkg/kafkacomm/handler/pdp_update_deploy_policy.go:290.3,290.58 1 1
policy-opa-pdp/pkg/kafkacomm/handler/pdp_update_deploy_policy.go:290.58,294.12 4 1
policy-opa-pdp/pkg/kafkacomm/handler/pdp_update_deploy_policy.go:298.3,298.62 1 0
policy-opa-pdp/pkg/kafkacomm/handler/pdp_update_deploy_policy.go:298.62,302.12 4 0
policy-opa-pdp/pkg/kafkacomm/handler/pdp_update_deploy_policy.go:306.3,306.70 1 0
policy-opa-pdp/pkg/kafkacomm/handler/pdp_update_deploy_policy.go:306.70,310.12 4 0
policy-opa-pdp/pkg/kafkacomm/handler/pdp_update_deploy_policy.go:311.9,313.75 2 0
policy-opa-pdp/pkg/kafkacomm/handler/pdp_update_deploy_policy.go:313.75,315.5 1 0
policy-opa-pdp/pkg/kafkacomm/handler/pdp_update_deploy_policy.go:317.3,318.47 2 0
policy-opa-pdp/pkg/kafkacomm/handler/pdp_update_deploy_policy.go:322.2,325.41 3 1
policy-opa-pdp/pkg/kafkacomm/handler/pdp_update_deploy_policy.go:329.82,330.45 1 1
policy-opa-pdp/pkg/kafkacomm/handler/pdp_update_deploy_policy.go:330.45,333.3 2 1
policy-opa-pdp/pkg/kafkacomm/handler/pdp_update_deploy_policy.go:334.2,334.39 1 1
policy-opa-pdp/pkg/kafkacomm/handler/pdp_update_deploy_policy.go:338.67,341.24 2 0
policy-opa-pdp/pkg/kafkacomm/handler/pdp_update_deploy_policy.go:341.24,344.3 2 0
policy-opa-pdp/pkg/kafkacomm/handler/pdp_update_deploy_policy.go:346.2,347.16 2 0
policy-opa-pdp/pkg/kafkacomm/handler/pdp_update_deploy_policy.go:347.16,349.36 2 0
policy-opa-pdp/pkg/kafkacomm/handler/pdp_update_deploy_policy.go:349.36,350.69 1 0
policy-opa-pdp/pkg/kafkacomm/handler/pdp_update_deploy_policy.go:350.69,352.5 1 0
policy-opa-pdp/pkg/kafkacomm/handler/pdp_update_deploy_policy.go:354.3,355.55 2 0
policy-opa-pdp/pkg/kafkacomm/handler/pdp_update_deploy_policy.go:357.2,357.12 1 0
policy-opa-pdp/pkg/kafkacomm/handler/pdp_update_deploy_policy.go:361.93,362.45 1 0
policy-opa-pdp/pkg/kafkacomm/handler/pdp_update_deploy_policy.go:362.45,365.3 2 0
policy-opa-pdp/pkg/kafkacomm/handler/pdp_update_deploy_policy.go:367.2,367.43 1 0
policy-opa-pdp/pkg/kafkacomm/handler/pdp_update_deploy_policy.go:367.43,369.3 1 0
policy-opa-pdp/pkg/kafkacomm/handler/pdp_update_deploy_policy.go:371.2,371.12 1 0
policy-opa-pdp/pkg/kafkacomm/handler/pdp_update_deploy_policy.go:375.67,377.16 2 1
policy-opa-pdp/pkg/kafkacomm/handler/pdp_update_deploy_policy.go:377.16,380.3 2 0
policy-opa-pdp/pkg/kafkacomm/handler/pdp_update_deploy_policy.go:382.2,384.16 2 1
policy-opa-pdp/pkg/kafkacomm/handler/pdp_update_deploy_policy.go:384.16,387.3 2 0
policy-opa-pdp/pkg/kafkacomm/handler/pdp_update_deploy_policy.go:388.2,388.27 1 1
policy-opa-pdp/pkg/kafkacomm/handler/pdp_update_message_handler.go:44.81,50.16 5 1
policy-opa-pdp/pkg/kafkacomm/handler/pdp_update_message_handler.go:50.16,53.72 3 1
policy-opa-pdp/pkg/kafkacomm/handler/pdp_update_message_handler.go:53.72,56.4 2 1
policy-opa-pdp/pkg/kafkacomm/handler/pdp_update_message_handler.go:57.3,57.13 1 0
policy-opa-pdp/pkg/kafkacomm/handler/pdp_update_message_handler.go:61.2,62.16 2 1
policy-opa-pdp/pkg/kafkacomm/handler/pdp_update_message_handler.go:62.16,64.72 2 1
policy-opa-pdp/pkg/kafkacomm/handler/pdp_update_message_handler.go:64.72,67.4 2 1
policy-opa-pdp/pkg/kafkacomm/handler/pdp_update_message_handler.go:68.3,68.13 1 0
policy-opa-pdp/pkg/kafkacomm/handler/pdp_update_message_handler.go:71.2,76.45 4 1
policy-opa-pdp/pkg/kafkacomm/handler/pdp_update_message_handler.go:76.45,79.30 3 1
policy-opa-pdp/pkg/kafkacomm/handler/pdp_update_message_handler.go:79.30,81.4 1 1
policy-opa-pdp/pkg/kafkacomm/handler/pdp_update_message_handler.go:82.3,82.17 1 1
policy-opa-pdp/pkg/kafkacomm/handler/pdp_update_message_handler.go:82.17,85.72 3 0
policy-opa-pdp/pkg/kafkacomm/handler/pdp_update_message_handler.go:85.72,88.5 2 0
policy-opa-pdp/pkg/kafkacomm/handler/pdp_update_message_handler.go:90.3,90.32 1 1
policy-opa-pdp/pkg/kafkacomm/handler/pdp_update_message_handler.go:94.2,94.47 1 1
policy-opa-pdp/pkg/kafkacomm/handler/pdp_update_message_handler.go:94.47,98.30 4 0
policy-opa-pdp/pkg/kafkacomm/handler/pdp_update_message_handler.go:98.30,100.4 1 0
policy-opa-pdp/pkg/kafkacomm/handler/pdp_update_message_handler.go:101.3,101.17 1 0
policy-opa-pdp/pkg/kafkacomm/handler/pdp_update_message_handler.go:101.17,104.72 3 0
policy-opa-pdp/pkg/kafkacomm/handler/pdp_update_message_handler.go:104.72,107.5 2 0
policy-opa-pdp/pkg/kafkacomm/handler/pdp_update_message_handler.go:109.3,109.32 1 0
policy-opa-pdp/pkg/kafkacomm/handler/pdp_update_message_handler.go:112.2,112.92 1 1
policy-opa-pdp/pkg/kafkacomm/handler/pdp_update_message_handler.go:112.92,115.17 2 1
policy-opa-pdp/pkg/kafkacomm/handler/pdp_update_message_handler.go:115.17,118.4 2 1
policy-opa-pdp/pkg/kafkacomm/handler/pdp_update_message_handler.go:119.8,121.99 1 1
policy-opa-pdp/pkg/kafkacomm/handler/pdp_update_message_handler.go:121.99,123.4 1 0
policy-opa-pdp/pkg/kafkacomm/handler/pdp_update_message_handler.go:125.2,127.12 3 1
policy-opa-pdp/pkg/kafkacomm/handler/pdp_update_message_handler.go:131.113,133.2 1 0
policy-opa-pdp/pkg/kafkacomm/handler/pdp_update_message_handler.go:135.109,136.83 1 1
policy-opa-pdp/pkg/kafkacomm/handler/pdp_update_message_handler.go:136.83,138.3 1 1
policy-opa-pdp/pkg/kafkacomm/handler/pdp_update_message_handler.go:139.2,139.12 1 1
policy-opa-pdp/pkg/kafkacomm/handler/pdp_update_message_handler.go:142.108,143.88 1 1
policy-opa-pdp/pkg/kafkacomm/handler/pdp_update_message_handler.go:143.88,145.3 1 1
policy-opa-pdp/pkg/kafkacomm/handler/pdp_update_message_handler.go:146.2,146.12 1 1
policy-opa-pdp/pkg/kafkacomm/handler/pdp_update_message_handler.go:149.144,150.30 1 1
policy-opa-pdp/pkg/kafkacomm/handler/pdp_update_message_handler.go:150.30,152.72 2 1
policy-opa-pdp/pkg/kafkacomm/handler/pdp_update_message_handler.go:152.72,155.4 2 0
policy-opa-pdp/pkg/kafkacomm/handler/pdp_update_message_handler.go:156.8,158.49 1 1
policy-opa-pdp/pkg/kafkacomm/handler/pdp_update_message_handler.go:158.49,160.73 2 1
policy-opa-pdp/pkg/kafkacomm/handler/pdp_update_message_handler.go:160.73,163.5 2 0
policy-opa-pdp/pkg/kafkacomm/handler/pdp_update_message_handler.go:164.4,164.63 1 1
policy-opa-pdp/pkg/kafkacomm/handler/pdp_update_message_handler.go:165.9,165.54 1 0
policy-opa-pdp/pkg/kafkacomm/handler/pdp_update_message_handler.go:165.54,169.73 2 0
policy-opa-pdp/pkg/kafkacomm/handler/pdp_update_message_handler.go:169.73,172.5 2 0
policy-opa-pdp/pkg/kafkacomm/handler/pdp_update_message_handler.go:173.4,173.65 1 0
policy-opa-pdp/pkg/kafkacomm/handler/pdp_update_message_handler.go:174.9,176.90 1 0
policy-opa-pdp/pkg/kafkacomm/handler/pdp_update_message_handler.go:176.90,179.5 2 0
policy-opa-pdp/pkg/kafkacomm/handler/pdp_update_message_handler.go:183.2,183.12 1 1
policy-opa-pdp/pkg/kafkacomm/handler/pdp_update_undeploy_policy.go:38.104,45.16 4 0
policy-opa-pdp/pkg/kafkacomm/handler/pdp_update_undeploy_policy.go:45.16,47.3 1 0
policy-opa-pdp/pkg/kafkacomm/handler/pdp_update_undeploy_policy.go:49.2,49.58 1 0
policy-opa-pdp/pkg/kafkacomm/handler/pdp_update_undeploy_policy.go:49.58,52.27 2 0
policy-opa-pdp/pkg/kafkacomm/handler/pdp_update_undeploy_policy.go:52.27,55.21 2 0
policy-opa-pdp/pkg/kafkacomm/handler/pdp_update_undeploy_policy.go:55.21,59.5 3 0
policy-opa-pdp/pkg/kafkacomm/handler/pdp_update_undeploy_policy.go:60.4,61.18 2 0
policy-opa-pdp/pkg/kafkacomm/handler/pdp_update_undeploy_policy.go:61.18,64.5 2 0
policy-opa-pdp/pkg/kafkacomm/handler/pdp_update_undeploy_policy.go:65.4,67.60 3 0
policy-opa-pdp/pkg/kafkacomm/handler/pdp_update_undeploy_policy.go:68.9,71.12 2 0
policy-opa-pdp/pkg/kafkacomm/handler/pdp_update_undeploy_policy.go:75.9,78.56 3 0
policy-opa-pdp/pkg/kafkacomm/handler/pdp_update_undeploy_policy.go:81.117,91.2 3 0
policy-opa-pdp/pkg/kafkacomm/handler/pdp_update_undeploy_policy.go:94.91,96.34 2 0
policy-opa-pdp/pkg/kafkacomm/handler/pdp_update_undeploy_policy.go:96.34,99.3 2 0
policy-opa-pdp/pkg/kafkacomm/handler/pdp_update_undeploy_policy.go:100.2,100.31 1 0
policy-opa-pdp/pkg/kafkacomm/handler/pdp_update_undeploy_policy.go:104.71,116.2 6 0
policy-opa-pdp/pkg/kafkacomm/handler/pdp_update_undeploy_policy.go:119.70,122.56 2 0
policy-opa-pdp/pkg/kafkacomm/handler/pdp_update_undeploy_policy.go:122.56,123.36 1 0
policy-opa-pdp/pkg/kafkacomm/handler/pdp_update_undeploy_policy.go:123.36,126.75 3 0
policy-opa-pdp/pkg/kafkacomm/handler/pdp_update_undeploy_policy.go:126.75,128.13 2 0
policy-opa-pdp/pkg/kafkacomm/handler/pdp_update_undeploy_policy.go:130.4,130.55 1 0
policy-opa-pdp/pkg/kafkacomm/handler/pdp_update_undeploy_policy.go:130.55,132.5 1 0
policy-opa-pdp/pkg/kafkacomm/handler/pdp_update_undeploy_policy.go:134.8,136.3 1 0
policy-opa-pdp/pkg/kafkacomm/handler/pdp_update_undeploy_policy.go:138.2,138.24 1 0
policy-opa-pdp/pkg/kafkacomm/handler/pdp_update_undeploy_policy.go:142.72,145.60 2 0
policy-opa-pdp/pkg/kafkacomm/handler/pdp_update_undeploy_policy.go:145.60,146.40 1 0
policy-opa-pdp/pkg/kafkacomm/handler/pdp_update_undeploy_policy.go:146.40,148.88 2 0
policy-opa-pdp/pkg/kafkacomm/handler/pdp_update_undeploy_policy.go:148.88,150.13 2 0
policy-opa-pdp/pkg/kafkacomm/handler/pdp_update_undeploy_policy.go:152.4,152.57 1 0
policy-opa-pdp/pkg/kafkacomm/handler/pdp_update_undeploy_policy.go:152.57,154.5 1 0
policy-opa-pdp/pkg/kafkacomm/handler/pdp_update_undeploy_policy.go:156.8,158.3 1 0
policy-opa-pdp/pkg/kafkacomm/handler/pdp_update_undeploy_policy.go:160.2,160.24 1 0
policy-opa-pdp/pkg/kafkacomm/handler/pdp_update_undeploy_policy.go:164.48,167.56 3 0
policy-opa-pdp/pkg/kafkacomm/handler/pdp_update_undeploy_policy.go:167.56,169.3 1 0
policy-opa-pdp/pkg/kafkacomm/handler/pdp_update_undeploy_policy.go:170.2,170.12 1 0
policy-opa-pdp/pkg/kafkacomm/handler/pdp_update_undeploy_policy.go:174.52,177.58 3 0
policy-opa-pdp/pkg/kafkacomm/handler/pdp_update_undeploy_policy.go:177.58,179.3 1 0
policy-opa-pdp/pkg/kafkacomm/handler/pdp_update_undeploy_policy.go:180.2,180.12 1 0
policy-opa-pdp/pkg/kafkacomm/handler/pdp_update_undeploy_policy.go:184.123,185.42 1 0
policy-opa-pdp/pkg/kafkacomm/handler/pdp_update_undeploy_policy.go:185.42,191.70 3 0
policy-opa-pdp/pkg/kafkacomm/handler/pdp_update_undeploy_policy.go:191.70,193.4 1 0
policy-opa-pdp/pkg/kafkacomm/handler/pdp_update_undeploy_policy.go:195.2,195.12 1 0
